Building DAG of jobs...
Using shell: /usr/bin/bash
Provided cores: 40
Rules claiming more threads will be scaled down.
Job counts:
	count	jobs
	7	aggregate_data_summary
	4	align
	1	all
	12
Resources before job selection: {'_cores': 40, '_nodes': 9223372036854775807}
Ready jobs (8):
	align
	align
	align
	aggregate_data_summary
	aggregate_data_summary
	align
	aggregate_data_summary
	aggregate_data_summary
Selected jobs (8):
	align
	align
	align
	aggregate_data_summary
	aggregate_data_summary
	align
	aggregate_data_summary
	aggregate_data_summary
Resources after job selection: {'_cores': 32, '_nodes': 9223372036854775799}

[Tue Apr 22 22:26:19 2025]
rule align:
    input: Inputs/T3_4-Rev.fasta, Scripts/align.py, results/Chip1/barcode30/2/merged.fastq.gz
    output: results/Chip1/barcode30/2/non_sequential_summary.csv, results/Chip1/barcode30/2/sequential_summary.csv, results/Chip1/barcode30/2/aligned.fastq.gz, results/Chip1/barcode30/2/inserts.out
    jobid: 143
    wildcards: chip=Chip1, native=barcode30, block=2


        python3 Scripts/align.py --iq results/Chip1/barcode30/2/merged.fastq.gz --ia Inputs/T3_4-Rev.fasta --od results/Chip1/barcode30/2 --score_cut_off 0.9 
        

[Tue Apr 22 22:26:19 2025]
rule align:
    input: Inputs/T3_4-Rev.fasta, Scripts/align.py, results/Chip2/barcode27/0/merged.fastq.gz
    output: results/Chip2/barcode27/0/non_sequential_summary.csv, results/Chip2/barcode27/0/sequential_summary.csv, results/Chip2/barcode27/0/aligned.fastq.gz, results/Chip2/barcode27/0/inserts.out
    jobid: 181
    wildcards: chip=Chip2, native=barcode27, block=0


        python3 Scripts/align.py --iq results/Chip2/barcode27/0/merged.fastq.gz --ia Inputs/T3_4-Rev.fasta --od results/Chip2/barcode27/0 --score_cut_off 0.9 
        

[Tue Apr 22 22:26:19 2025]
rule align:
    input: Inputs/T3_4-Rev.fasta, Scripts/align.py, results/Chip2/barcode27/5/merged.fastq.gz
    output: results/Chip2/barcode27/5/non_sequential_summary.csv, results/Chip2/barcode27/5/sequential_summary.csv, results/Chip2/barcode27/5/aligned.fastq.gz, results/Chip2/barcode27/5/inserts.out
    jobid: 186
    wildcards: chip=Chip2, native=barcode27, block=5


        python3 Scripts/align.py --iq results/Chip2/barcode27/5/merged.fastq.gz --ia Inputs/T3_4-Rev.fasta --od results/Chip2/barcode27/5 --score_cut_off 0.9 
        

[Tue Apr 22 22:26:19 2025]
rule aggregate_data_summary:
    input: results/Chip1/barcode25/0/non_sequential_summary.csv, results/Chip1/barcode25/1/non_sequential_summary.csv, results/Chip1/barcode25/2/non_sequential_summary.csv, results/Chip1/barcode25/3/non_sequential_summary.csv, results/Chip1/barcode25/4/non_sequential_summary.csv, results/Chip1/barcode25/5/non_sequential_summary.csv, results/Chip1/barcode25/6/non_sequential_summary.csv, results/Chip1/barcode25/7/non_sequential_summary.csv, results/Chip1/barcode25/8/non_sequential_summary.csv, results/Chip1/barcode25/9/non_sequential_summary.csv, results/Chip1/barcode25/0/sequential_summary.csv, results/Chip1/barcode25/1/sequential_summary.csv, results/Chip1/barcode25/2/sequential_summary.csv, results/Chip1/barcode25/3/sequential_summary.csv, results/Chip1/barcode25/4/sequential_summary.csv, results/Chip1/barcode25/5/sequential_summary.csv, results/Chip1/barcode25/6/sequential_summary.csv, results/Chip1/barcode25/7/sequential_summary.csv, results/Chip1/barcode25/8/sequential_summary.csv, results/Chip1/barcode25/9/sequential_summary.csv, results/Chip1/barcode25/0/aligned.fastq.gz, results/Chip1/barcode25/1/aligned.fastq.gz, results/Chip1/barcode25/2/aligned.fastq.gz, results/Chip1/barcode25/3/aligned.fastq.gz, results/Chip1/barcode25/4/aligned.fastq.gz, results/Chip1/barcode25/5/aligned.fastq.gz, results/Chip1/barcode25/6/aligned.fastq.gz, results/Chip1/barcode25/7/aligned.fastq.gz, results/Chip1/barcode25/8/aligned.fastq.gz, results/Chip1/barcode25/9/aligned.fastq.gz, results/Chip1/barcode25/0/inserts.out, results/Chip1/barcode25/1/inserts.out, results/Chip1/barcode25/2/inserts.out, results/Chip1/barcode25/3/inserts.out, results/Chip1/barcode25/4/inserts.out, results/Chip1/barcode25/5/inserts.out, results/Chip1/barcode25/6/inserts.out, results/Chip1/barcode25/7/inserts.out, results/Chip1/barcode25/8/inserts.out, results/Chip1/barcode25/9/inserts.out
    output: AGGRE/Chip1/barcode25/non_sequential_summary.csv, AGGRE/Chip1/barcode25/sequential_summary.csv, AGGRE/Chip1/barcode25/aligned.fastq.gz, AGGRE/Chip1/barcode25/inserts.out
    jobid: 213
    wildcards: chip=Chip1, native=barcode25


    	echo "Seq,Read_count,Percentage" > AGGRE/Chip1/barcode25/non_sequential_summary.csv
    	echo "Seq,Read_count,Percentage" > AGGRE/Chip1/barcode25/sequential_summary.csv

    	total=0
    	for f in results/Chip1/barcode25/0/sequential_summary.csv results/Chip1/barcode25/1/sequential_summary.csv results/Chip1/barcode25/2/sequential_summary.csv results/Chip1/barcode25/3/sequential_summary.csv results/Chip1/barcode25/4/sequential_summary.csv results/Chip1/barcode25/5/sequential_summary.csv results/Chip1/barcode25/6/sequential_summary.csv results/Chip1/barcode25/7/sequential_summary.csv results/Chip1/barcode25/8/sequential_summary.csv results/Chip1/barcode25/9/sequential_summary.csv; do
            c=$(grep Total "$f" | sed "s|,| |g" | awk '{print $2}')
            total=$(echo $total $c | awk '{print $1+$2}')
    	done

    	nlen=0
    	for f in results/Chip1/barcode25/0/non_sequential_summary.csv results/Chip1/barcode25/1/non_sequential_summary.csv results/Chip1/barcode25/2/non_sequential_summary.csv results/Chip1/barcode25/3/non_sequential_summary.csv results/Chip1/barcode25/4/non_sequential_summary.csv results/Chip1/barcode25/5/non_sequential_summary.csv results/Chip1/barcode25/6/non_sequential_summary.csv results/Chip1/barcode25/7/non_sequential_summary.csv results/Chip1/barcode25/8/non_sequential_summary.csv results/Chip1/barcode25/9/non_sequential_summary.csv; do
            c=$(grep Reads_not_meeting_length_criteria "$f" | sed "s|,| |g" | awk '{print $2}')
            nlen=$(echo $nlen $c | awk '{print $1+$2}')
    	done

    	nunmatched=0
    	for f in results/Chip1/barcode25/0/non_sequential_summary.csv results/Chip1/barcode25/1/non_sequential_summary.csv results/Chip1/barcode25/2/non_sequential_summary.csv results/Chip1/barcode25/3/non_sequential_summary.csv results/Chip1/barcode25/4/non_sequential_summary.csv results/Chip1/barcode25/5/non_sequential_summary.csv results/Chip1/barcode25/6/non_sequential_summary.csv results/Chip1/barcode25/7/non_sequential_summary.csv results/Chip1/barcode25/8/non_sequential_summary.csv results/Chip1/barcode25/9/non_sequential_summary.csv; do
            c=$(grep Reads_unmatched "$f" | sed "s|,| |g" | awk '{print $2}')
            nunmatched=$(echo $nunmatched $c | awk '{print $1+$2}')
    	done

    	for temp in $(grep '^>' Inputs/T3_4-Rev.fasta | sed 's/>//' ); do
            count=0
            for f in results/Chip1/barcode25/0/non_sequential_summary.csv results/Chip1/barcode25/1/non_sequential_summary.csv results/Chip1/barcode25/2/non_sequential_summary.csv results/Chip1/barcode25/3/non_sequential_summary.csv results/Chip1/barcode25/4/non_sequential_summary.csv results/Chip1/barcode25/5/non_sequential_summary.csv results/Chip1/barcode25/6/non_sequential_summary.csv results/Chip1/barcode25/7/non_sequential_summary.csv results/Chip1/barcode25/8/non_sequential_summary.csv results/Chip1/barcode25/9/non_sequential_summary.csv; do
            	c=$(grep "$temp" "$f" | sed "s|,| |g" | awk '{print $2}')
            	count=$(echo $count $c | awk '{print $1+$2}')
            done
            printf "%s,%d,%6.2f\n" "$temp" "$count" "$(awk -v a=$count -v b=$total 'BEGIN{print (a/b)*100}')" >> AGGRE/Chip1/barcode25/non_sequential_summary.csv

            count=0
            for f in results/Chip1/barcode25/0/sequential_summary.csv results/Chip1/barcode25/1/sequential_summary.csv results/Chip1/barcode25/2/sequential_summary.csv results/Chip1/barcode25/3/sequential_summary.csv results/Chip1/barcode25/4/sequential_summary.csv results/Chip1/barcode25/5/sequential_summary.csv results/Chip1/barcode25/6/sequential_summary.csv results/Chip1/barcode25/7/sequential_summary.csv results/Chip1/barcode25/8/sequential_summary.csv results/Chip1/barcode25/9/sequential_summary.csv; do
            	c=$(grep "$temp" "$f" | sed "s|,| |g" | awk '{print $2}')
            	count=$(echo $count $c | awk '{print $1+$2}')
            done
            printf "%s,%d,%6.2f\n" "$temp" "$count" "$(awk -v a=$count -v b=$total 'BEGIN{print (a/b)*100}')" >> AGGRE/Chip1/barcode25/sequential_summary.csv
        done

    	printf "Reads_not_meeting_length_criteria,%d,%6.2f\n" "$nlen" "$(awk -v a=$nlen -v b=$total 'BEGIN{print (a/b)*100}')" >> AGGRE/Chip1/barcode25/non_sequential_summary.csv
    	printf "Reads_unmatched,%d,%6.2f\n" "$nunmatched" "$(awk -v a=$nunmatched -v b=$total 'BEGIN{print (a/b)*100}')" >> AGGRE/Chip1/barcode25/non_sequential_summary.csv
    	printf "Total,%d,100.00\n" "$total" >> AGGRE/Chip1/barcode25/sequential_summary.csv

	for f in results/Chip1/barcode25/0/aligned.fastq.gz results/Chip1/barcode25/1/aligned.fastq.gz results/Chip1/barcode25/2/aligned.fastq.gz results/Chip1/barcode25/3/aligned.fastq.gz results/Chip1/barcode25/4/aligned.fastq.gz results/Chip1/barcode25/5/aligned.fastq.gz results/Chip1/barcode25/6/aligned.fastq.gz results/Chip1/barcode25/7/aligned.fastq.gz results/Chip1/barcode25/8/aligned.fastq.gz results/Chip1/barcode25/9/aligned.fastq.gz; do
            cat "$f" >> AGGRE/Chip1/barcode25/aligned.fastq.gz.temp;
        done
        mv AGGRE/Chip1/barcode25/aligned.fastq.gz.temp AGGRE/Chip1/barcode25/aligned.fastq.gz

	for f in results/Chip1/barcode25/0/inserts.out results/Chip1/barcode25/1/inserts.out results/Chip1/barcode25/2/inserts.out results/Chip1/barcode25/3/inserts.out results/Chip1/barcode25/4/inserts.out results/Chip1/barcode25/5/inserts.out results/Chip1/barcode25/6/inserts.out results/Chip1/barcode25/7/inserts.out results/Chip1/barcode25/8/inserts.out results/Chip1/barcode25/9/inserts.out; do
            cat "$f" >> AGGRE/Chip1/barcode25/inserts.out.temp;
        done
        mv AGGRE/Chip1/barcode25/inserts.out.temp AGGRE/Chip1/barcode25/inserts.out
       

   	

[Tue Apr 22 22:26:19 2025]
rule aggregate_data_summary:
    input: results/Chip2/barcode28/0/non_sequential_summary.csv, results/Chip2/barcode28/1/non_sequential_summary.csv, results/Chip2/barcode28/2/non_sequential_summary.csv, results/Chip2/barcode28/3/non_sequential_summary.csv, results/Chip2/barcode28/4/non_sequential_summary.csv, results/Chip2/barcode28/5/non_sequential_summary.csv, results/Chip2/barcode28/6/non_sequential_summary.csv, results/Chip2/barcode28/7/non_sequential_summary.csv, results/Chip2/barcode28/8/non_sequential_summary.csv, results/Chip2/barcode28/9/non_sequential_summary.csv, results/Chip2/barcode28/0/sequential_summary.csv, results/Chip2/barcode28/1/sequential_summary.csv, results/Chip2/barcode28/2/sequential_summary.csv, results/Chip2/barcode28/3/sequential_summary.csv, results/Chip2/barcode28/4/sequential_summary.csv, results/Chip2/barcode28/5/sequential_summary.csv, results/Chip2/barcode28/6/sequential_summary.csv, results/Chip2/barcode28/7/sequential_summary.csv, results/Chip2/barcode28/8/sequential_summary.csv, results/Chip2/barcode28/9/sequential_summary.csv, results/Chip2/barcode28/0/aligned.fastq.gz, results/Chip2/barcode28/1/aligned.fastq.gz, results/Chip2/barcode28/2/aligned.fastq.gz, results/Chip2/barcode28/3/aligned.fastq.gz, results/Chip2/barcode28/4/aligned.fastq.gz, results/Chip2/barcode28/5/aligned.fastq.gz, results/Chip2/barcode28/6/aligned.fastq.gz, results/Chip2/barcode28/7/aligned.fastq.gz, results/Chip2/barcode28/8/aligned.fastq.gz, results/Chip2/barcode28/9/aligned.fastq.gz, results/Chip2/barcode28/0/inserts.out, results/Chip2/barcode28/1/inserts.out, results/Chip2/barcode28/2/inserts.out, results/Chip2/barcode28/3/inserts.out, results/Chip2/barcode28/4/inserts.out, results/Chip2/barcode28/5/inserts.out, results/Chip2/barcode28/6/inserts.out, results/Chip2/barcode28/7/inserts.out, results/Chip2/barcode28/8/inserts.out, results/Chip2/barcode28/9/inserts.out
    output: AGGRE/Chip2/barcode28/non_sequential_summary.csv, AGGRE/Chip2/barcode28/sequential_summary.csv, AGGRE/Chip2/barcode28/aligned.fastq.gz, AGGRE/Chip2/barcode28/inserts.out
    jobid: 217
    wildcards: chip=Chip2, native=barcode28


    	echo "Seq,Read_count,Percentage" > AGGRE/Chip2/barcode28/non_sequential_summary.csv
    	echo "Seq,Read_count,Percentage" > AGGRE/Chip2/barcode28/sequential_summary.csv

    	total=0
    	for f in results/Chip2/barcode28/0/sequential_summary.csv results/Chip2/barcode28/1/sequential_summary.csv results/Chip2/barcode28/2/sequential_summary.csv results/Chip2/barcode28/3/sequential_summary.csv results/Chip2/barcode28/4/sequential_summary.csv results/Chip2/barcode28/5/sequential_summary.csv results/Chip2/barcode28/6/sequential_summary.csv results/Chip2/barcode28/7/sequential_summary.csv results/Chip2/barcode28/8/sequential_summary.csv results/Chip2/barcode28/9/sequential_summary.csv; do
            c=$(grep Total "$f" | sed "s|,| |g" | awk '{print $2}')
            total=$(echo $total $c | awk '{print $1+$2}')
    	done

    	nlen=0
    	for f in results/Chip2/barcode28/0/non_sequential_summary.csv results/Chip2/barcode28/1/non_sequential_summary.csv results/Chip2/barcode28/2/non_sequential_summary.csv results/Chip2/barcode28/3/non_sequential_summary.csv results/Chip2/barcode28/4/non_sequential_summary.csv results/Chip2/barcode28/5/non_sequential_summary.csv results/Chip2/barcode28/6/non_sequential_summary.csv results/Chip2/barcode28/7/non_sequential_summary.csv results/Chip2/barcode28/8/non_sequential_summary.csv results/Chip2/barcode28/9/non_sequential_summary.csv; do
            c=$(grep Reads_not_meeting_length_criteria "$f" | sed "s|,| |g" | awk '{print $2}')
            nlen=$(echo $nlen $c | awk '{print $1+$2}')
    	done

    	nunmatched=0
    	for f in results/Chip2/barcode28/0/non_sequential_summary.csv results/Chip2/barcode28/1/non_sequential_summary.csv results/Chip2/barcode28/2/non_sequential_summary.csv results/Chip2/barcode28/3/non_sequential_summary.csv results/Chip2/barcode28/4/non_sequential_summary.csv results/Chip2/barcode28/5/non_sequential_summary.csv results/Chip2/barcode28/6/non_sequential_summary.csv results/Chip2/barcode28/7/non_sequential_summary.csv results/Chip2/barcode28/8/non_sequential_summary.csv results/Chip2/barcode28/9/non_sequential_summary.csv; do
            c=$(grep Reads_unmatched "$f" | sed "s|,| |g" | awk '{print $2}')
            nunmatched=$(echo $nunmatched $c | awk '{print $1+$2}')
    	done

    	for temp in $(grep '^>' Inputs/T3_4-Rev.fasta | sed 's/>//' ); do
            count=0
            for f in results/Chip2/barcode28/0/non_sequential_summary.csv results/Chip2/barcode28/1/non_sequential_summary.csv results/Chip2/barcode28/2/non_sequential_summary.csv results/Chip2/barcode28/3/non_sequential_summary.csv results/Chip2/barcode28/4/non_sequential_summary.csv results/Chip2/barcode28/5/non_sequential_summary.csv results/Chip2/barcode28/6/non_sequential_summary.csv results/Chip2/barcode28/7/non_sequential_summary.csv results/Chip2/barcode28/8/non_sequential_summary.csv results/Chip2/barcode28/9/non_sequential_summary.csv; do
            	c=$(grep "$temp" "$f" | sed "s|,| |g" | awk '{print $2}')
            	count=$(echo $count $c | awk '{print $1+$2}')
            done
            printf "%s,%d,%6.2f\n" "$temp" "$count" "$(awk -v a=$count -v b=$total 'BEGIN{print (a/b)*100}')" >> AGGRE/Chip2/barcode28/non_sequential_summary.csv

            count=0
            for f in results/Chip2/barcode28/0/sequential_summary.csv results/Chip2/barcode28/1/sequential_summary.csv results/Chip2/barcode28/2/sequential_summary.csv results/Chip2/barcode28/3/sequential_summary.csv results/Chip2/barcode28/4/sequential_summary.csv results/Chip2/barcode28/5/sequential_summary.csv results/Chip2/barcode28/6/sequential_summary.csv results/Chip2/barcode28/7/sequential_summary.csv results/Chip2/barcode28/8/sequential_summary.csv results/Chip2/barcode28/9/sequential_summary.csv; do
            	c=$(grep "$temp" "$f" | sed "s|,| |g" | awk '{print $2}')
            	count=$(echo $count $c | awk '{print $1+$2}')
            done
            printf "%s,%d,%6.2f\n" "$temp" "$count" "$(awk -v a=$count -v b=$total 'BEGIN{print (a/b)*100}')" >> AGGRE/Chip2/barcode28/sequential_summary.csv
        done

    	printf "Reads_not_meeting_length_criteria,%d,%6.2f\n" "$nlen" "$(awk -v a=$nlen -v b=$total 'BEGIN{print (a/b)*100}')" >> AGGRE/Chip2/barcode28/non_sequential_summary.csv
    	printf "Reads_unmatched,%d,%6.2f\n" "$nunmatched" "$(awk -v a=$nunmatched -v b=$total 'BEGIN{print (a/b)*100}')" >> AGGRE/Chip2/barcode28/non_sequential_summary.csv
    	printf "Total,%d,100.00\n" "$total" >> AGGRE/Chip2/barcode28/sequential_summary.csv

	for f in results/Chip2/barcode28/0/aligned.fastq.gz results/Chip2/barcode28/1/aligned.fastq.gz results/Chip2/barcode28/2/aligned.fastq.gz results/Chip2/barcode28/3/aligned.fastq.gz results/Chip2/barcode28/4/aligned.fastq.gz results/Chip2/barcode28/5/aligned.fastq.gz results/Chip2/barcode28/6/aligned.fastq.gz results/Chip2/barcode28/7/aligned.fastq.gz results/Chip2/barcode28/8/aligned.fastq.gz results/Chip2/barcode28/9/aligned.fastq.gz; do
            cat "$f" >> AGGRE/Chip2/barcode28/aligned.fastq.gz.temp;
        done
        mv AGGRE/Chip2/barcode28/aligned.fastq.gz.temp AGGRE/Chip2/barcode28/aligned.fastq.gz

	for f in results/Chip2/barcode28/0/inserts.out results/Chip2/barcode28/1/inserts.out results/Chip2/barcode28/2/inserts.out results/Chip2/barcode28/3/inserts.out results/Chip2/barcode28/4/inserts.out results/Chip2/barcode28/5/inserts.out results/Chip2/barcode28/6/inserts.out results/Chip2/barcode28/7/inserts.out results/Chip2/barcode28/8/inserts.out results/Chip2/barcode28/9/inserts.out; do
            cat "$f" >> AGGRE/Chip2/barcode28/inserts.out.temp;
        done
        mv AGGRE/Chip2/barcode28/inserts.out.temp AGGRE/Chip2/barcode28/inserts.out
       

   	

[Tue Apr 22 22:26:19 2025]
rule align:
    input: Inputs/T3_4-Rev.fasta, Scripts/align.py, results/Chip1/barcode31/6/merged.fastq.gz
    output: results/Chip1/barcode31/6/non_sequential_summary.csv, results/Chip1/barcode31/6/sequential_summary.csv, results/Chip1/barcode31/6/aligned.fastq.gz, results/Chip1/barcode31/6/inserts.out
    jobid: 157
    wildcards: chip=Chip1, native=barcode31, block=6


        python3 Scripts/align.py --iq results/Chip1/barcode31/6/merged.fastq.gz --ia Inputs/T3_4-Rev.fasta --od results/Chip1/barcode31/6 --score_cut_off 0.9 
        

[Tue Apr 22 22:26:19 2025]
rule aggregate_data_summary:
    input: results/Chip2/barcode29/0/non_sequential_summary.csv, results/Chip2/barcode29/1/non_sequential_summary.csv, results/Chip2/barcode29/2/non_sequential_summary.csv, results/Chip2/barcode29/3/non_sequential_summary.csv, results/Chip2/barcode29/4/non_sequential_summary.csv, results/Chip2/barcode29/5/non_sequential_summary.csv, results/Chip2/barcode29/6/non_sequential_summary.csv, results/Chip2/barcode29/7/non_sequential_summary.csv, results/Chip2/barcode29/8/non_sequential_summary.csv, results/Chip2/barcode29/9/non_sequential_summary.csv, results/Chip2/barcode29/0/sequential_summary.csv, results/Chip2/barcode29/1/sequential_summary.csv, results/Chip2/barcode29/2/sequential_summary.csv, results/Chip2/barcode29/3/sequential_summary.csv, results/Chip2/barcode29/4/sequential_summary.csv, results/Chip2/barcode29/5/sequential_summary.csv, results/Chip2/barcode29/6/sequential_summary.csv, results/Chip2/barcode29/7/sequential_summary.csv, results/Chip2/barcode29/8/sequential_summary.csv, results/Chip2/barcode29/9/sequential_summary.csv, results/Chip2/barcode29/0/aligned.fastq.gz, results/Chip2/barcode29/1/aligned.fastq.gz, results/Chip2/barcode29/2/aligned.fastq.gz, results/Chip2/barcode29/3/aligned.fastq.gz, results/Chip2/barcode29/4/aligned.fastq.gz, results/Chip2/barcode29/5/aligned.fastq.gz, results/Chip2/barcode29/6/aligned.fastq.gz, results/Chip2/barcode29/7/aligned.fastq.gz, results/Chip2/barcode29/8/aligned.fastq.gz, results/Chip2/barcode29/9/aligned.fastq.gz, results/Chip2/barcode29/0/inserts.out, results/Chip2/barcode29/1/inserts.out, results/Chip2/barcode29/2/inserts.out, results/Chip2/barcode29/3/inserts.out, results/Chip2/barcode29/4/inserts.out, results/Chip2/barcode29/5/inserts.out, results/Chip2/barcode29/6/inserts.out, results/Chip2/barcode29/7/inserts.out, results/Chip2/barcode29/8/inserts.out, results/Chip2/barcode29/9/inserts.out
    output: AGGRE/Chip2/barcode29/non_sequential_summary.csv, AGGRE/Chip2/barcode29/sequential_summary.csv, AGGRE/Chip2/barcode29/aligned.fastq.gz, AGGRE/Chip2/barcode29/inserts.out
    jobid: 214
    wildcards: chip=Chip2, native=barcode29


    	echo "Seq,Read_count,Percentage" > AGGRE/Chip2/barcode29/non_sequential_summary.csv
    	echo "Seq,Read_count,Percentage" > AGGRE/Chip2/barcode29/sequential_summary.csv

    	total=0
    	for f in results/Chip2/barcode29/0/sequential_summary.csv results/Chip2/barcode29/1/sequential_summary.csv results/Chip2/barcode29/2/sequential_summary.csv results/Chip2/barcode29/3/sequential_summary.csv results/Chip2/barcode29/4/sequential_summary.csv results/Chip2/barcode29/5/sequential_summary.csv results/Chip2/barcode29/6/sequential_summary.csv results/Chip2/barcode29/7/sequential_summary.csv results/Chip2/barcode29/8/sequential_summary.csv results/Chip2/barcode29/9/sequential_summary.csv; do
            c=$(grep Total "$f" | sed "s|,| |g" | awk '{print $2}')
            total=$(echo $total $c | awk '{print $1+$2}')
    	done

    	nlen=0
    	for f in results/Chip2/barcode29/0/non_sequential_summary.csv results/Chip2/barcode29/1/non_sequential_summary.csv results/Chip2/barcode29/2/non_sequential_summary.csv results/Chip2/barcode29/3/non_sequential_summary.csv results/Chip2/barcode29/4/non_sequential_summary.csv results/Chip2/barcode29/5/non_sequential_summary.csv results/Chip2/barcode29/6/non_sequential_summary.csv results/Chip2/barcode29/7/non_sequential_summary.csv results/Chip2/barcode29/8/non_sequential_summary.csv results/Chip2/barcode29/9/non_sequential_summary.csv; do
            c=$(grep Reads_not_meeting_length_criteria "$f" | sed "s|,| |g" | awk '{print $2}')
            nlen=$(echo $nlen $c | awk '{print $1+$2}')
    	done

    	nunmatched=0
    	for f in results/Chip2/barcode29/0/non_sequential_summary.csv results/Chip2/barcode29/1/non_sequential_summary.csv results/Chip2/barcode29/2/non_sequential_summary.csv results/Chip2/barcode29/3/non_sequential_summary.csv results/Chip2/barcode29/4/non_sequential_summary.csv results/Chip2/barcode29/5/non_sequential_summary.csv results/Chip2/barcode29/6/non_sequential_summary.csv results/Chip2/barcode29/7/non_sequential_summary.csv results/Chip2/barcode29/8/non_sequential_summary.csv results/Chip2/barcode29/9/non_sequential_summary.csv; do
            c=$(grep Reads_unmatched "$f" | sed "s|,| |g" | awk '{print $2}')
            nunmatched=$(echo $nunmatched $c | awk '{print $1+$2}')
    	done

    	for temp in $(grep '^>' Inputs/T3_4-Rev.fasta | sed 's/>//' ); do
            count=0
            for f in results/Chip2/barcode29/0/non_sequential_summary.csv results/Chip2/barcode29/1/non_sequential_summary.csv results/Chip2/barcode29/2/non_sequential_summary.csv results/Chip2/barcode29/3/non_sequential_summary.csv results/Chip2/barcode29/4/non_sequential_summary.csv results/Chip2/barcode29/5/non_sequential_summary.csv results/Chip2/barcode29/6/non_sequential_summary.csv results/Chip2/barcode29/7/non_sequential_summary.csv results/Chip2/barcode29/8/non_sequential_summary.csv results/Chip2/barcode29/9/non_sequential_summary.csv; do
            	c=$(grep "$temp" "$f" | sed "s|,| |g" | awk '{print $2}')
            	count=$(echo $count $c | awk '{print $1+$2}')
            done
            printf "%s,%d,%6.2f\n" "$temp" "$count" "$(awk -v a=$count -v b=$total 'BEGIN{print (a/b)*100}')" >> AGGRE/Chip2/barcode29/non_sequential_summary.csv

            count=0
            for f in results/Chip2/barcode29/0/sequential_summary.csv results/Chip2/barcode29/1/sequential_summary.csv results/Chip2/barcode29/2/sequential_summary.csv results/Chip2/barcode29/3/sequential_summary.csv results/Chip2/barcode29/4/sequential_summary.csv results/Chip2/barcode29/5/sequential_summary.csv results/Chip2/barcode29/6/sequential_summary.csv results/Chip2/barcode29/7/sequential_summary.csv results/Chip2/barcode29/8/sequential_summary.csv results/Chip2/barcode29/9/sequential_summary.csv; do
            	c=$(grep "$temp" "$f" | sed "s|,| |g" | awk '{print $2}')
            	count=$(echo $count $c | awk '{print $1+$2}')
            done
            printf "%s,%d,%6.2f\n" "$temp" "$count" "$(awk -v a=$count -v b=$total 'BEGIN{print (a/b)*100}')" >> AGGRE/Chip2/barcode29/sequential_summary.csv
        done

    	printf "Reads_not_meeting_length_criteria,%d,%6.2f\n" "$nlen" "$(awk -v a=$nlen -v b=$total 'BEGIN{print (a/b)*100}')" >> AGGRE/Chip2/barcode29/non_sequential_summary.csv
    	printf "Reads_unmatched,%d,%6.2f\n" "$nunmatched" "$(awk -v a=$nunmatched -v b=$total 'BEGIN{print (a/b)*100}')" >> AGGRE/Chip2/barcode29/non_sequential_summary.csv
    	printf "Total,%d,100.00\n" "$total" >> AGGRE/Chip2/barcode29/sequential_summary.csv

	for f in results/Chip2/barcode29/0/aligned.fastq.gz results/Chip2/barcode29/1/aligned.fastq.gz results/Chip2/barcode29/2/aligned.fastq.gz results/Chip2/barcode29/3/aligned.fastq.gz results/Chip2/barcode29/4/aligned.fastq.gz results/Chip2/barcode29/5/aligned.fastq.gz results/Chip2/barcode29/6/aligned.fastq.gz results/Chip2/barcode29/7/aligned.fastq.gz results/Chip2/barcode29/8/aligned.fastq.gz results/Chip2/barcode29/9/aligned.fastq.gz; do
            cat "$f" >> AGGRE/Chip2/barcode29/aligned.fastq.gz.temp;
        done
        mv AGGRE/Chip2/barcode29/aligned.fastq.gz.temp AGGRE/Chip2/barcode29/aligned.fastq.gz

	for f in results/Chip2/barcode29/0/inserts.out results/Chip2/barcode29/1/inserts.out results/Chip2/barcode29/2/inserts.out results/Chip2/barcode29/3/inserts.out results/Chip2/barcode29/4/inserts.out results/Chip2/barcode29/5/inserts.out results/Chip2/barcode29/6/inserts.out results/Chip2/barcode29/7/inserts.out results/Chip2/barcode29/8/inserts.out results/Chip2/barcode29/9/inserts.out; do
            cat "$f" >> AGGRE/Chip2/barcode29/inserts.out.temp;
        done
        mv AGGRE/Chip2/barcode29/inserts.out.temp AGGRE/Chip2/barcode29/inserts.out
       

   	

[Tue Apr 22 22:26:19 2025]
rule aggregate_data_summary:
    input: results/Chip2/barcode26/0/non_sequential_summary.csv, results/Chip2/barcode26/1/non_sequential_summary.csv, results/Chip2/barcode26/2/non_sequential_summary.csv, results/Chip2/barcode26/3/non_sequential_summary.csv, results/Chip2/barcode26/4/non_sequential_summary.csv, results/Chip2/barcode26/5/non_sequential_summary.csv, results/Chip2/barcode26/6/non_sequential_summary.csv, results/Chip2/barcode26/7/non_sequential_summary.csv, results/Chip2/barcode26/8/non_sequential_summary.csv, results/Chip2/barcode26/9/non_sequential_summary.csv, results/Chip2/barcode26/0/sequential_summary.csv, results/Chip2/barcode26/1/sequential_summary.csv, results/Chip2/barcode26/2/sequential_summary.csv, results/Chip2/barcode26/3/sequential_summary.csv, results/Chip2/barcode26/4/sequential_summary.csv, results/Chip2/barcode26/5/sequential_summary.csv, results/Chip2/barcode26/6/sequential_summary.csv, results/Chip2/barcode26/7/sequential_summary.csv, results/Chip2/barcode26/8/sequential_summary.csv, results/Chip2/barcode26/9/sequential_summary.csv, results/Chip2/barcode26/0/aligned.fastq.gz, results/Chip2/barcode26/1/aligned.fastq.gz, results/Chip2/barcode26/2/aligned.fastq.gz, results/Chip2/barcode26/3/aligned.fastq.gz, results/Chip2/barcode26/4/aligned.fastq.gz, results/Chip2/barcode26/5/aligned.fastq.gz, results/Chip2/barcode26/6/aligned.fastq.gz, results/Chip2/barcode26/7/aligned.fastq.gz, results/Chip2/barcode26/8/aligned.fastq.gz, results/Chip2/barcode26/9/aligned.fastq.gz, results/Chip2/barcode26/0/inserts.out, results/Chip2/barcode26/1/inserts.out, results/Chip2/barcode26/2/inserts.out, results/Chip2/barcode26/3/inserts.out, results/Chip2/barcode26/4/inserts.out, results/Chip2/barcode26/5/inserts.out, results/Chip2/barcode26/6/inserts.out, results/Chip2/barcode26/7/inserts.out, results/Chip2/barcode26/8/inserts.out, results/Chip2/barcode26/9/inserts.out
    output: AGGRE/Chip2/barcode26/non_sequential_summary.csv, AGGRE/Chip2/barcode26/sequential_summary.csv, AGGRE/Chip2/barcode26/aligned.fastq.gz, AGGRE/Chip2/barcode26/inserts.out
    jobid: 216
    wildcards: chip=Chip2, native=barcode26


    	echo "Seq,Read_count,Percentage" > AGGRE/Chip2/barcode26/non_sequential_summary.csv
    	echo "Seq,Read_count,Percentage" > AGGRE/Chip2/barcode26/sequential_summary.csv

    	total=0
    	for f in results/Chip2/barcode26/0/sequential_summary.csv results/Chip2/barcode26/1/sequential_summary.csv results/Chip2/barcode26/2/sequential_summary.csv results/Chip2/barcode26/3/sequential_summary.csv results/Chip2/barcode26/4/sequential_summary.csv results/Chip2/barcode26/5/sequential_summary.csv results/Chip2/barcode26/6/sequential_summary.csv results/Chip2/barcode26/7/sequential_summary.csv results/Chip2/barcode26/8/sequential_summary.csv results/Chip2/barcode26/9/sequential_summary.csv; do
            c=$(grep Total "$f" | sed "s|,| |g" | awk '{print $2}')
            total=$(echo $total $c | awk '{print $1+$2}')
    	done

    	nlen=0
    	for f in results/Chip2/barcode26/0/non_sequential_summary.csv results/Chip2/barcode26/1/non_sequential_summary.csv results/Chip2/barcode26/2/non_sequential_summary.csv results/Chip2/barcode26/3/non_sequential_summary.csv results/Chip2/barcode26/4/non_sequential_summary.csv results/Chip2/barcode26/5/non_sequential_summary.csv results/Chip2/barcode26/6/non_sequential_summary.csv results/Chip2/barcode26/7/non_sequential_summary.csv results/Chip2/barcode26/8/non_sequential_summary.csv results/Chip2/barcode26/9/non_sequential_summary.csv; do
            c=$(grep Reads_not_meeting_length_criteria "$f" | sed "s|,| |g" | awk '{print $2}')
            nlen=$(echo $nlen $c | awk '{print $1+$2}')
    	done

    	nunmatched=0
    	for f in results/Chip2/barcode26/0/non_sequential_summary.csv results/Chip2/barcode26/1/non_sequential_summary.csv results/Chip2/barcode26/2/non_sequential_summary.csv results/Chip2/barcode26/3/non_sequential_summary.csv results/Chip2/barcode26/4/non_sequential_summary.csv results/Chip2/barcode26/5/non_sequential_summary.csv results/Chip2/barcode26/6/non_sequential_summary.csv results/Chip2/barcode26/7/non_sequential_summary.csv results/Chip2/barcode26/8/non_sequential_summary.csv results/Chip2/barcode26/9/non_sequential_summary.csv; do
            c=$(grep Reads_unmatched "$f" | sed "s|,| |g" | awk '{print $2}')
            nunmatched=$(echo $nunmatched $c | awk '{print $1+$2}')
    	done

    	for temp in $(grep '^>' Inputs/T3_4-Rev.fasta | sed 's/>//' ); do
            count=0
            for f in results/Chip2/barcode26/0/non_sequential_summary.csv results/Chip2/barcode26/1/non_sequential_summary.csv results/Chip2/barcode26/2/non_sequential_summary.csv results/Chip2/barcode26/3/non_sequential_summary.csv results/Chip2/barcode26/4/non_sequential_summary.csv results/Chip2/barcode26/5/non_sequential_summary.csv results/Chip2/barcode26/6/non_sequential_summary.csv results/Chip2/barcode26/7/non_sequential_summary.csv results/Chip2/barcode26/8/non_sequential_summary.csv results/Chip2/barcode26/9/non_sequential_summary.csv; do
            	c=$(grep "$temp" "$f" | sed "s|,| |g" | awk '{print $2}')
            	count=$(echo $count $c | awk '{print $1+$2}')
            done
            printf "%s,%d,%6.2f\n" "$temp" "$count" "$(awk -v a=$count -v b=$total 'BEGIN{print (a/b)*100}')" >> AGGRE/Chip2/barcode26/non_sequential_summary.csv

            count=0
            for f in results/Chip2/barcode26/0/sequential_summary.csv results/Chip2/barcode26/1/sequential_summary.csv results/Chip2/barcode26/2/sequential_summary.csv results/Chip2/barcode26/3/sequential_summary.csv results/Chip2/barcode26/4/sequential_summary.csv results/Chip2/barcode26/5/sequential_summary.csv results/Chip2/barcode26/6/sequential_summary.csv results/Chip2/barcode26/7/sequential_summary.csv results/Chip2/barcode26/8/sequential_summary.csv results/Chip2/barcode26/9/sequential_summary.csv; do
            	c=$(grep "$temp" "$f" | sed "s|,| |g" | awk '{print $2}')
            	count=$(echo $count $c | awk '{print $1+$2}')
            done
            printf "%s,%d,%6.2f\n" "$temp" "$count" "$(awk -v a=$count -v b=$total 'BEGIN{print (a/b)*100}')" >> AGGRE/Chip2/barcode26/sequential_summary.csv
        done

    	printf "Reads_not_meeting_length_criteria,%d,%6.2f\n" "$nlen" "$(awk -v a=$nlen -v b=$total 'BEGIN{print (a/b)*100}')" >> AGGRE/Chip2/barcode26/non_sequential_summary.csv
    	printf "Reads_unmatched,%d,%6.2f\n" "$nunmatched" "$(awk -v a=$nunmatched -v b=$total 'BEGIN{print (a/b)*100}')" >> AGGRE/Chip2/barcode26/non_sequential_summary.csv
    	printf "Total,%d,100.00\n" "$total" >> AGGRE/Chip2/barcode26/sequential_summary.csv

	for f in results/Chip2/barcode26/0/aligned.fastq.gz results/Chip2/barcode26/1/aligned.fastq.gz results/Chip2/barcode26/2/aligned.fastq.gz results/Chip2/barcode26/3/aligned.fastq.gz results/Chip2/barcode26/4/aligned.fastq.gz results/Chip2/barcode26/5/aligned.fastq.gz results/Chip2/barcode26/6/aligned.fastq.gz results/Chip2/barcode26/7/aligned.fastq.gz results/Chip2/barcode26/8/aligned.fastq.gz results/Chip2/barcode26/9/aligned.fastq.gz; do
            cat "$f" >> AGGRE/Chip2/barcode26/aligned.fastq.gz.temp;
        done
        mv AGGRE/Chip2/barcode26/aligned.fastq.gz.temp AGGRE/Chip2/barcode26/aligned.fastq.gz

	for f in results/Chip2/barcode26/0/inserts.out results/Chip2/barcode26/1/inserts.out results/Chip2/barcode26/2/inserts.out results/Chip2/barcode26/3/inserts.out results/Chip2/barcode26/4/inserts.out results/Chip2/barcode26/5/inserts.out results/Chip2/barcode26/6/inserts.out results/Chip2/barcode26/7/inserts.out results/Chip2/barcode26/8/inserts.out results/Chip2/barcode26/9/inserts.out; do
            cat "$f" >> AGGRE/Chip2/barcode26/inserts.out.temp;
        done
        mv AGGRE/Chip2/barcode26/inserts.out.temp AGGRE/Chip2/barcode26/inserts.out
       

   	
[Tue Apr 22 22:26:20 2025]
Finished job 213.
1 of 12 steps (8%) done
[Tue Apr 22 22:26:20 2025]
Finished job 217.
2 of 12 steps (17%) done
[Tue Apr 22 22:26:20 2025]
Finished job 216.
3 of 12 steps (25%) done
[Tue Apr 22 22:26:20 2025]
Finished job 214.
4 of 12 steps (33%) done
[Tue Apr 22 22:26:44 2025]
Finished job 143.
5 of 12 steps (42%) done
Resources before job selection: {'_cores': 37, '_nodes': 9223372036854775804}
Ready jobs (1):
	aggregate_data_summary
Selected jobs (1):
	aggregate_data_summary
Resources after job selection: {'_cores': 36, '_nodes': 9223372036854775803}

[Tue Apr 22 22:26:44 2025]
rule aggregate_data_summary:
    input: results/Chip1/barcode30/0/non_sequential_summary.csv, results/Chip1/barcode30/1/non_sequential_summary.csv, results/Chip1/barcode30/2/non_sequential_summary.csv, results/Chip1/barcode30/3/non_sequential_summary.csv, results/Chip1/barcode30/4/non_sequential_summary.csv, results/Chip1/barcode30/5/non_sequential_summary.csv, results/Chip1/barcode30/6/non_sequential_summary.csv, results/Chip1/barcode30/7/non_sequential_summary.csv, results/Chip1/barcode30/8/non_sequential_summary.csv, results/Chip1/barcode30/9/non_sequential_summary.csv, results/Chip1/barcode30/0/sequential_summary.csv, results/Chip1/barcode30/1/sequential_summary.csv, results/Chip1/barcode30/2/sequential_summary.csv, results/Chip1/barcode30/3/sequential_summary.csv, results/Chip1/barcode30/4/sequential_summary.csv, results/Chip1/barcode30/5/sequential_summary.csv, results/Chip1/barcode30/6/sequential_summary.csv, results/Chip1/barcode30/7/sequential_summary.csv, results/Chip1/barcode30/8/sequential_summary.csv, results/Chip1/barcode30/9/sequential_summary.csv, results/Chip1/barcode30/0/aligned.fastq.gz, results/Chip1/barcode30/1/aligned.fastq.gz, results/Chip1/barcode30/2/aligned.fastq.gz, results/Chip1/barcode30/3/aligned.fastq.gz, results/Chip1/barcode30/4/aligned.fastq.gz, results/Chip1/barcode30/5/aligned.fastq.gz, results/Chip1/barcode30/6/aligned.fastq.gz, results/Chip1/barcode30/7/aligned.fastq.gz, results/Chip1/barcode30/8/aligned.fastq.gz, results/Chip1/barcode30/9/aligned.fastq.gz, results/Chip1/barcode30/0/inserts.out, results/Chip1/barcode30/1/inserts.out, results/Chip1/barcode30/2/inserts.out, results/Chip1/barcode30/3/inserts.out, results/Chip1/barcode30/4/inserts.out, results/Chip1/barcode30/5/inserts.out, results/Chip1/barcode30/6/inserts.out, results/Chip1/barcode30/7/inserts.out, results/Chip1/barcode30/8/inserts.out, results/Chip1/barcode30/9/inserts.out
    output: AGGRE/Chip1/barcode30/non_sequential_summary.csv, AGGRE/Chip1/barcode30/sequential_summary.csv, AGGRE/Chip1/barcode30/aligned.fastq.gz, AGGRE/Chip1/barcode30/inserts.out
    jobid: 211
    wildcards: chip=Chip1, native=barcode30


    	echo "Seq,Read_count,Percentage" > AGGRE/Chip1/barcode30/non_sequential_summary.csv
    	echo "Seq,Read_count,Percentage" > AGGRE/Chip1/barcode30/sequential_summary.csv

    	total=0
    	for f in results/Chip1/barcode30/0/sequential_summary.csv results/Chip1/barcode30/1/sequential_summary.csv results/Chip1/barcode30/2/sequential_summary.csv results/Chip1/barcode30/3/sequential_summary.csv results/Chip1/barcode30/4/sequential_summary.csv results/Chip1/barcode30/5/sequential_summary.csv results/Chip1/barcode30/6/sequential_summary.csv results/Chip1/barcode30/7/sequential_summary.csv results/Chip1/barcode30/8/sequential_summary.csv results/Chip1/barcode30/9/sequential_summary.csv; do
            c=$(grep Total "$f" | sed "s|,| |g" | awk '{print $2}')
            total=$(echo $total $c | awk '{print $1+$2}')
    	done

    	nlen=0
    	for f in results/Chip1/barcode30/0/non_sequential_summary.csv results/Chip1/barcode30/1/non_sequential_summary.csv results/Chip1/barcode30/2/non_sequential_summary.csv results/Chip1/barcode30/3/non_sequential_summary.csv results/Chip1/barcode30/4/non_sequential_summary.csv results/Chip1/barcode30/5/non_sequential_summary.csv results/Chip1/barcode30/6/non_sequential_summary.csv results/Chip1/barcode30/7/non_sequential_summary.csv results/Chip1/barcode30/8/non_sequential_summary.csv results/Chip1/barcode30/9/non_sequential_summary.csv; do
            c=$(grep Reads_not_meeting_length_criteria "$f" | sed "s|,| |g" | awk '{print $2}')
            nlen=$(echo $nlen $c | awk '{print $1+$2}')
    	done

    	nunmatched=0
    	for f in results/Chip1/barcode30/0/non_sequential_summary.csv results/Chip1/barcode30/1/non_sequential_summary.csv results/Chip1/barcode30/2/non_sequential_summary.csv results/Chip1/barcode30/3/non_sequential_summary.csv results/Chip1/barcode30/4/non_sequential_summary.csv results/Chip1/barcode30/5/non_sequential_summary.csv results/Chip1/barcode30/6/non_sequential_summary.csv results/Chip1/barcode30/7/non_sequential_summary.csv results/Chip1/barcode30/8/non_sequential_summary.csv results/Chip1/barcode30/9/non_sequential_summary.csv; do
            c=$(grep Reads_unmatched "$f" | sed "s|,| |g" | awk '{print $2}')
            nunmatched=$(echo $nunmatched $c | awk '{print $1+$2}')
    	done

    	for temp in $(grep '^>' Inputs/T3_4-Rev.fasta | sed 's/>//' ); do
            count=0
            for f in results/Chip1/barcode30/0/non_sequential_summary.csv results/Chip1/barcode30/1/non_sequential_summary.csv results/Chip1/barcode30/2/non_sequential_summary.csv results/Chip1/barcode30/3/non_sequential_summary.csv results/Chip1/barcode30/4/non_sequential_summary.csv results/Chip1/barcode30/5/non_sequential_summary.csv results/Chip1/barcode30/6/non_sequential_summary.csv results/Chip1/barcode30/7/non_sequential_summary.csv results/Chip1/barcode30/8/non_sequential_summary.csv results/Chip1/barcode30/9/non_sequential_summary.csv; do
            	c=$(grep "$temp" "$f" | sed "s|,| |g" | awk '{print $2}')
            	count=$(echo $count $c | awk '{print $1+$2}')
            done
            printf "%s,%d,%6.2f\n" "$temp" "$count" "$(awk -v a=$count -v b=$total 'BEGIN{print (a/b)*100}')" >> AGGRE/Chip1/barcode30/non_sequential_summary.csv

            count=0
            for f in results/Chip1/barcode30/0/sequential_summary.csv results/Chip1/barcode30/1/sequential_summary.csv results/Chip1/barcode30/2/sequential_summary.csv results/Chip1/barcode30/3/sequential_summary.csv results/Chip1/barcode30/4/sequential_summary.csv results/Chip1/barcode30/5/sequential_summary.csv results/Chip1/barcode30/6/sequential_summary.csv results/Chip1/barcode30/7/sequential_summary.csv results/Chip1/barcode30/8/sequential_summary.csv results/Chip1/barcode30/9/sequential_summary.csv; do
            	c=$(grep "$temp" "$f" | sed "s|,| |g" | awk '{print $2}')
            	count=$(echo $count $c | awk '{print $1+$2}')
            done
            printf "%s,%d,%6.2f\n" "$temp" "$count" "$(awk -v a=$count -v b=$total 'BEGIN{print (a/b)*100}')" >> AGGRE/Chip1/barcode30/sequential_summary.csv
        done

    	printf "Reads_not_meeting_length_criteria,%d,%6.2f\n" "$nlen" "$(awk -v a=$nlen -v b=$total 'BEGIN{print (a/b)*100}')" >> AGGRE/Chip1/barcode30/non_sequential_summary.csv
    	printf "Reads_unmatched,%d,%6.2f\n" "$nunmatched" "$(awk -v a=$nunmatched -v b=$total 'BEGIN{print (a/b)*100}')" >> AGGRE/Chip1/barcode30/non_sequential_summary.csv
    	printf "Total,%d,100.00\n" "$total" >> AGGRE/Chip1/barcode30/sequential_summary.csv

	for f in results/Chip1/barcode30/0/aligned.fastq.gz results/Chip1/barcode30/1/aligned.fastq.gz results/Chip1/barcode30/2/aligned.fastq.gz results/Chip1/barcode30/3/aligned.fastq.gz results/Chip1/barcode30/4/aligned.fastq.gz results/Chip1/barcode30/5/aligned.fastq.gz results/Chip1/barcode30/6/aligned.fastq.gz results/Chip1/barcode30/7/aligned.fastq.gz results/Chip1/barcode30/8/aligned.fastq.gz results/Chip1/barcode30/9/aligned.fastq.gz; do
            cat "$f" >> AGGRE/Chip1/barcode30/aligned.fastq.gz.temp;
        done
        mv AGGRE/Chip1/barcode30/aligned.fastq.gz.temp AGGRE/Chip1/barcode30/aligned.fastq.gz

	for f in results/Chip1/barcode30/0/inserts.out results/Chip1/barcode30/1/inserts.out results/Chip1/barcode30/2/inserts.out results/Chip1/barcode30/3/inserts.out results/Chip1/barcode30/4/inserts.out results/Chip1/barcode30/5/inserts.out results/Chip1/barcode30/6/inserts.out results/Chip1/barcode30/7/inserts.out results/Chip1/barcode30/8/inserts.out results/Chip1/barcode30/9/inserts.out; do
            cat "$f" >> AGGRE/Chip1/barcode30/inserts.out.temp;
        done
        mv AGGRE/Chip1/barcode30/inserts.out.temp AGGRE/Chip1/barcode30/inserts.out
       

   	
[Tue Apr 22 22:26:45 2025]
Finished job 186.
6 of 12 steps (50%) done
[Tue Apr 22 22:26:45 2025]
Finished job 211.
7 of 12 steps (58%) done
[Tue Apr 22 22:26:47 2025]
Finished job 181.
8 of 12 steps (67%) done
Resources before job selection: {'_cores': 39, '_nodes': 9223372036854775806}
Ready jobs (1):
	aggregate_data_summary
Selected jobs (1):
	aggregate_data_summary
Resources after job selection: {'_cores': 38, '_nodes': 9223372036854775805}

[Tue Apr 22 22:26:47 2025]
rule aggregate_data_summary:
    input: results/Chip2/barcode27/0/non_sequential_summary.csv, results/Chip2/barcode27/1/non_sequential_summary.csv, results/Chip2/barcode27/2/non_sequential_summary.csv, results/Chip2/barcode27/3/non_sequential_summary.csv, results/Chip2/barcode27/4/non_sequential_summary.csv, results/Chip2/barcode27/5/non_sequential_summary.csv, results/Chip2/barcode27/6/non_sequential_summary.csv, results/Chip2/barcode27/7/non_sequential_summary.csv, results/Chip2/barcode27/8/non_sequential_summary.csv, results/Chip2/barcode27/9/non_sequential_summary.csv, results/Chip2/barcode27/0/sequential_summary.csv, results/Chip2/barcode27/1/sequential_summary.csv, results/Chip2/barcode27/2/sequential_summary.csv, results/Chip2/barcode27/3/sequential_summary.csv, results/Chip2/barcode27/4/sequential_summary.csv, results/Chip2/barcode27/5/sequential_summary.csv, results/Chip2/barcode27/6/sequential_summary.csv, results/Chip2/barcode27/7/sequential_summary.csv, results/Chip2/barcode27/8/sequential_summary.csv, results/Chip2/barcode27/9/sequential_summary.csv, results/Chip2/barcode27/0/aligned.fastq.gz, results/Chip2/barcode27/1/aligned.fastq.gz, results/Chip2/barcode27/2/aligned.fastq.gz, results/Chip2/barcode27/3/aligned.fastq.gz, results/Chip2/barcode27/4/aligned.fastq.gz, results/Chip2/barcode27/5/aligned.fastq.gz, results/Chip2/barcode27/6/aligned.fastq.gz, results/Chip2/barcode27/7/aligned.fastq.gz, results/Chip2/barcode27/8/aligned.fastq.gz, results/Chip2/barcode27/9/aligned.fastq.gz, results/Chip2/barcode27/0/inserts.out, results/Chip2/barcode27/1/inserts.out, results/Chip2/barcode27/2/inserts.out, results/Chip2/barcode27/3/inserts.out, results/Chip2/barcode27/4/inserts.out, results/Chip2/barcode27/5/inserts.out, results/Chip2/barcode27/6/inserts.out, results/Chip2/barcode27/7/inserts.out, results/Chip2/barcode27/8/inserts.out, results/Chip2/barcode27/9/inserts.out
    output: AGGRE/Chip2/barcode27/non_sequential_summary.csv, AGGRE/Chip2/barcode27/sequential_summary.csv, AGGRE/Chip2/barcode27/aligned.fastq.gz, AGGRE/Chip2/barcode27/inserts.out
    jobid: 215
    wildcards: chip=Chip2, native=barcode27


    	echo "Seq,Read_count,Percentage" > AGGRE/Chip2/barcode27/non_sequential_summary.csv
    	echo "Seq,Read_count,Percentage" > AGGRE/Chip2/barcode27/sequential_summary.csv

    	total=0
    	for f in results/Chip2/barcode27/0/sequential_summary.csv results/Chip2/barcode27/1/sequential_summary.csv results/Chip2/barcode27/2/sequential_summary.csv results/Chip2/barcode27/3/sequential_summary.csv results/Chip2/barcode27/4/sequential_summary.csv results/Chip2/barcode27/5/sequential_summary.csv results/Chip2/barcode27/6/sequential_summary.csv results/Chip2/barcode27/7/sequential_summary.csv results/Chip2/barcode27/8/sequential_summary.csv results/Chip2/barcode27/9/sequential_summary.csv; do
            c=$(grep Total "$f" | sed "s|,| |g" | awk '{print $2}')
            total=$(echo $total $c | awk '{print $1+$2}')
    	done

    	nlen=0
    	for f in results/Chip2/barcode27/0/non_sequential_summary.csv results/Chip2/barcode27/1/non_sequential_summary.csv results/Chip2/barcode27/2/non_sequential_summary.csv results/Chip2/barcode27/3/non_sequential_summary.csv results/Chip2/barcode27/4/non_sequential_summary.csv results/Chip2/barcode27/5/non_sequential_summary.csv results/Chip2/barcode27/6/non_sequential_summary.csv results/Chip2/barcode27/7/non_sequential_summary.csv results/Chip2/barcode27/8/non_sequential_summary.csv results/Chip2/barcode27/9/non_sequential_summary.csv; do
            c=$(grep Reads_not_meeting_length_criteria "$f" | sed "s|,| |g" | awk '{print $2}')
            nlen=$(echo $nlen $c | awk '{print $1+$2}')
    	done

    	nunmatched=0
    	for f in results/Chip2/barcode27/0/non_sequential_summary.csv results/Chip2/barcode27/1/non_sequential_summary.csv results/Chip2/barcode27/2/non_sequential_summary.csv results/Chip2/barcode27/3/non_sequential_summary.csv results/Chip2/barcode27/4/non_sequential_summary.csv results/Chip2/barcode27/5/non_sequential_summary.csv results/Chip2/barcode27/6/non_sequential_summary.csv results/Chip2/barcode27/7/non_sequential_summary.csv results/Chip2/barcode27/8/non_sequential_summary.csv results/Chip2/barcode27/9/non_sequential_summary.csv; do
            c=$(grep Reads_unmatched "$f" | sed "s|,| |g" | awk '{print $2}')
            nunmatched=$(echo $nunmatched $c | awk '{print $1+$2}')
    	done

    	for temp in $(grep '^>' Inputs/T3_4-Rev.fasta | sed 's/>//' ); do
            count=0
            for f in results/Chip2/barcode27/0/non_sequential_summary.csv results/Chip2/barcode27/1/non_sequential_summary.csv results/Chip2/barcode27/2/non_sequential_summary.csv results/Chip2/barcode27/3/non_sequential_summary.csv results/Chip2/barcode27/4/non_sequential_summary.csv results/Chip2/barcode27/5/non_sequential_summary.csv results/Chip2/barcode27/6/non_sequential_summary.csv results/Chip2/barcode27/7/non_sequential_summary.csv results/Chip2/barcode27/8/non_sequential_summary.csv results/Chip2/barcode27/9/non_sequential_summary.csv; do
            	c=$(grep "$temp" "$f" | sed "s|,| |g" | awk '{print $2}')
            	count=$(echo $count $c | awk '{print $1+$2}')
            done
            printf "%s,%d,%6.2f\n" "$temp" "$count" "$(awk -v a=$count -v b=$total 'BEGIN{print (a/b)*100}')" >> AGGRE/Chip2/barcode27/non_sequential_summary.csv

            count=0
            for f in results/Chip2/barcode27/0/sequential_summary.csv results/Chip2/barcode27/1/sequential_summary.csv results/Chip2/barcode27/2/sequential_summary.csv results/Chip2/barcode27/3/sequential_summary.csv results/Chip2/barcode27/4/sequential_summary.csv results/Chip2/barcode27/5/sequential_summary.csv results/Chip2/barcode27/6/sequential_summary.csv results/Chip2/barcode27/7/sequential_summary.csv results/Chip2/barcode27/8/sequential_summary.csv results/Chip2/barcode27/9/sequential_summary.csv; do
            	c=$(grep "$temp" "$f" | sed "s|,| |g" | awk '{print $2}')
            	count=$(echo $count $c | awk '{print $1+$2}')
            done
            printf "%s,%d,%6.2f\n" "$temp" "$count" "$(awk -v a=$count -v b=$total 'BEGIN{print (a/b)*100}')" >> AGGRE/Chip2/barcode27/sequential_summary.csv
        done

    	printf "Reads_not_meeting_length_criteria,%d,%6.2f\n" "$nlen" "$(awk -v a=$nlen -v b=$total 'BEGIN{print (a/b)*100}')" >> AGGRE/Chip2/barcode27/non_sequential_summary.csv
    	printf "Reads_unmatched,%d,%6.2f\n" "$nunmatched" "$(awk -v a=$nunmatched -v b=$total 'BEGIN{print (a/b)*100}')" >> AGGRE/Chip2/barcode27/non_sequential_summary.csv
    	printf "Total,%d,100.00\n" "$total" >> AGGRE/Chip2/barcode27/sequential_summary.csv

	for f in results/Chip2/barcode27/0/aligned.fastq.gz results/Chip2/barcode27/1/aligned.fastq.gz results/Chip2/barcode27/2/aligned.fastq.gz results/Chip2/barcode27/3/aligned.fastq.gz results/Chip2/barcode27/4/aligned.fastq.gz results/Chip2/barcode27/5/aligned.fastq.gz results/Chip2/barcode27/6/aligned.fastq.gz results/Chip2/barcode27/7/aligned.fastq.gz results/Chip2/barcode27/8/aligned.fastq.gz results/Chip2/barcode27/9/aligned.fastq.gz; do
            cat "$f" >> AGGRE/Chip2/barcode27/aligned.fastq.gz.temp;
        done
        mv AGGRE/Chip2/barcode27/aligned.fastq.gz.temp AGGRE/Chip2/barcode27/aligned.fastq.gz

	for f in results/Chip2/barcode27/0/inserts.out results/Chip2/barcode27/1/inserts.out results/Chip2/barcode27/2/inserts.out results/Chip2/barcode27/3/inserts.out results/Chip2/barcode27/4/inserts.out results/Chip2/barcode27/5/inserts.out results/Chip2/barcode27/6/inserts.out results/Chip2/barcode27/7/inserts.out results/Chip2/barcode27/8/inserts.out results/Chip2/barcode27/9/inserts.out; do
            cat "$f" >> AGGRE/Chip2/barcode27/inserts.out.temp;
        done
        mv AGGRE/Chip2/barcode27/inserts.out.temp AGGRE/Chip2/barcode27/inserts.out
       

   	
[Tue Apr 22 22:26:47 2025]
Finished job 215.
9 of 12 steps (75%) done
[Tue Apr 22 22:26:50 2025]
Finished job 157.
10 of 12 steps (83%) done
Resources before job selection: {'_cores': 40, '_nodes': 9223372036854775807}
Ready jobs (1):
	aggregate_data_summary
Selected jobs (1):
	aggregate_data_summary
Resources after job selection: {'_cores': 39, '_nodes': 9223372036854775806}

[Tue Apr 22 22:26:50 2025]
rule aggregate_data_summary:
    input: results/Chip1/barcode31/0/non_sequential_summary.csv, results/Chip1/barcode31/1/non_sequential_summary.csv, results/Chip1/barcode31/2/non_sequential_summary.csv, results/Chip1/barcode31/3/non_sequential_summary.csv, results/Chip1/barcode31/4/non_sequential_summary.csv, results/Chip1/barcode31/5/non_sequential_summary.csv, results/Chip1/barcode31/6/non_sequential_summary.csv, results/Chip1/barcode31/7/non_sequential_summary.csv, results/Chip1/barcode31/8/non_sequential_summary.csv, results/Chip1/barcode31/9/non_sequential_summary.csv, results/Chip1/barcode31/0/sequential_summary.csv, results/Chip1/barcode31/1/sequential_summary.csv, results/Chip1/barcode31/2/sequential_summary.csv, results/Chip1/barcode31/3/sequential_summary.csv, results/Chip1/barcode31/4/sequential_summary.csv, results/Chip1/barcode31/5/sequential_summary.csv, results/Chip1/barcode31/6/sequential_summary.csv, results/Chip1/barcode31/7/sequential_summary.csv, results/Chip1/barcode31/8/sequential_summary.csv, results/Chip1/barcode31/9/sequential_summary.csv, results/Chip1/barcode31/0/aligned.fastq.gz, results/Chip1/barcode31/1/aligned.fastq.gz, results/Chip1/barcode31/2/aligned.fastq.gz, results/Chip1/barcode31/3/aligned.fastq.gz, results/Chip1/barcode31/4/aligned.fastq.gz, results/Chip1/barcode31/5/aligned.fastq.gz, results/Chip1/barcode31/6/aligned.fastq.gz, results/Chip1/barcode31/7/aligned.fastq.gz, results/Chip1/barcode31/8/aligned.fastq.gz, results/Chip1/barcode31/9/aligned.fastq.gz, results/Chip1/barcode31/0/inserts.out, results/Chip1/barcode31/1/inserts.out, results/Chip1/barcode31/2/inserts.out, results/Chip1/barcode31/3/inserts.out, results/Chip1/barcode31/4/inserts.out, results/Chip1/barcode31/5/inserts.out, results/Chip1/barcode31/6/inserts.out, results/Chip1/barcode31/7/inserts.out, results/Chip1/barcode31/8/inserts.out, results/Chip1/barcode31/9/inserts.out
    output: AGGRE/Chip1/barcode31/non_sequential_summary.csv, AGGRE/Chip1/barcode31/sequential_summary.csv, AGGRE/Chip1/barcode31/aligned.fastq.gz, AGGRE/Chip1/barcode31/inserts.out
    jobid: 212
    wildcards: chip=Chip1, native=barcode31


    	echo "Seq,Read_count,Percentage" > AGGRE/Chip1/barcode31/non_sequential_summary.csv
    	echo "Seq,Read_count,Percentage" > AGGRE/Chip1/barcode31/sequential_summary.csv

    	total=0
    	for f in results/Chip1/barcode31/0/sequential_summary.csv results/Chip1/barcode31/1/sequential_summary.csv results/Chip1/barcode31/2/sequential_summary.csv results/Chip1/barcode31/3/sequential_summary.csv results/Chip1/barcode31/4/sequential_summary.csv results/Chip1/barcode31/5/sequential_summary.csv results/Chip1/barcode31/6/sequential_summary.csv results/Chip1/barcode31/7/sequential_summary.csv results/Chip1/barcode31/8/sequential_summary.csv results/Chip1/barcode31/9/sequential_summary.csv; do
            c=$(grep Total "$f" | sed "s|,| |g" | awk '{print $2}')
            total=$(echo $total $c | awk '{print $1+$2}')
    	done

    	nlen=0
    	for f in results/Chip1/barcode31/0/non_sequential_summary.csv results/Chip1/barcode31/1/non_sequential_summary.csv results/Chip1/barcode31/2/non_sequential_summary.csv results/Chip1/barcode31/3/non_sequential_summary.csv results/Chip1/barcode31/4/non_sequential_summary.csv results/Chip1/barcode31/5/non_sequential_summary.csv results/Chip1/barcode31/6/non_sequential_summary.csv results/Chip1/barcode31/7/non_sequential_summary.csv results/Chip1/barcode31/8/non_sequential_summary.csv results/Chip1/barcode31/9/non_sequential_summary.csv; do
            c=$(grep Reads_not_meeting_length_criteria "$f" | sed "s|,| |g" | awk '{print $2}')
            nlen=$(echo $nlen $c | awk '{print $1+$2}')
    	done

    	nunmatched=0
    	for f in results/Chip1/barcode31/0/non_sequential_summary.csv results/Chip1/barcode31/1/non_sequential_summary.csv results/Chip1/barcode31/2/non_sequential_summary.csv results/Chip1/barcode31/3/non_sequential_summary.csv results/Chip1/barcode31/4/non_sequential_summary.csv results/Chip1/barcode31/5/non_sequential_summary.csv results/Chip1/barcode31/6/non_sequential_summary.csv results/Chip1/barcode31/7/non_sequential_summary.csv results/Chip1/barcode31/8/non_sequential_summary.csv results/Chip1/barcode31/9/non_sequential_summary.csv; do
            c=$(grep Reads_unmatched "$f" | sed "s|,| |g" | awk '{print $2}')
            nunmatched=$(echo $nunmatched $c | awk '{print $1+$2}')
    	done

    	for temp in $(grep '^>' Inputs/T3_4-Rev.fasta | sed 's/>//' ); do
            count=0
            for f in results/Chip1/barcode31/0/non_sequential_summary.csv results/Chip1/barcode31/1/non_sequential_summary.csv results/Chip1/barcode31/2/non_sequential_summary.csv results/Chip1/barcode31/3/non_sequential_summary.csv results/Chip1/barcode31/4/non_sequential_summary.csv results/Chip1/barcode31/5/non_sequential_summary.csv results/Chip1/barcode31/6/non_sequential_summary.csv results/Chip1/barcode31/7/non_sequential_summary.csv results/Chip1/barcode31/8/non_sequential_summary.csv results/Chip1/barcode31/9/non_sequential_summary.csv; do
            	c=$(grep "$temp" "$f" | sed "s|,| |g" | awk '{print $2}')
            	count=$(echo $count $c | awk '{print $1+$2}')
            done
            printf "%s,%d,%6.2f\n" "$temp" "$count" "$(awk -v a=$count -v b=$total 'BEGIN{print (a/b)*100}')" >> AGGRE/Chip1/barcode31/non_sequential_summary.csv

            count=0
            for f in results/Chip1/barcode31/0/sequential_summary.csv results/Chip1/barcode31/1/sequential_summary.csv results/Chip1/barcode31/2/sequential_summary.csv results/Chip1/barcode31/3/sequential_summary.csv results/Chip1/barcode31/4/sequential_summary.csv results/Chip1/barcode31/5/sequential_summary.csv results/Chip1/barcode31/6/sequential_summary.csv results/Chip1/barcode31/7/sequential_summary.csv results/Chip1/barcode31/8/sequential_summary.csv results/Chip1/barcode31/9/sequential_summary.csv; do
            	c=$(grep "$temp" "$f" | sed "s|,| |g" | awk '{print $2}')
            	count=$(echo $count $c | awk '{print $1+$2}')
            done
            printf "%s,%d,%6.2f\n" "$temp" "$count" "$(awk -v a=$count -v b=$total 'BEGIN{print (a/b)*100}')" >> AGGRE/Chip1/barcode31/sequential_summary.csv
        done

    	printf "Reads_not_meeting_length_criteria,%d,%6.2f\n" "$nlen" "$(awk -v a=$nlen -v b=$total 'BEGIN{print (a/b)*100}')" >> AGGRE/Chip1/barcode31/non_sequential_summary.csv
    	printf "Reads_unmatched,%d,%6.2f\n" "$nunmatched" "$(awk -v a=$nunmatched -v b=$total 'BEGIN{print (a/b)*100}')" >> AGGRE/Chip1/barcode31/non_sequential_summary.csv
    	printf "Total,%d,100.00\n" "$total" >> AGGRE/Chip1/barcode31/sequential_summary.csv

	for f in results/Chip1/barcode31/0/aligned.fastq.gz results/Chip1/barcode31/1/aligned.fastq.gz results/Chip1/barcode31/2/aligned.fastq.gz results/Chip1/barcode31/3/aligned.fastq.gz results/Chip1/barcode31/4/aligned.fastq.gz results/Chip1/barcode31/5/aligned.fastq.gz results/Chip1/barcode31/6/aligned.fastq.gz results/Chip1/barcode31/7/aligned.fastq.gz results/Chip1/barcode31/8/aligned.fastq.gz results/Chip1/barcode31/9/aligned.fastq.gz; do
            cat "$f" >> AGGRE/Chip1/barcode31/aligned.fastq.gz.temp;
        done
        mv AGGRE/Chip1/barcode31/aligned.fastq.gz.temp AGGRE/Chip1/barcode31/aligned.fastq.gz

	for f in results/Chip1/barcode31/0/inserts.out results/Chip1/barcode31/1/inserts.out results/Chip1/barcode31/2/inserts.out results/Chip1/barcode31/3/inserts.out results/Chip1/barcode31/4/inserts.out results/Chip1/barcode31/5/inserts.out results/Chip1/barcode31/6/inserts.out results/Chip1/barcode31/7/inserts.out results/Chip1/barcode31/8/inserts.out results/Chip1/barcode31/9/inserts.out; do
            cat "$f" >> AGGRE/Chip1/barcode31/inserts.out.temp;
        done
        mv AGGRE/Chip1/barcode31/inserts.out.temp AGGRE/Chip1/barcode31/inserts.out
       

   	
[Tue Apr 22 22:26:51 2025]
Finished job 212.
11 of 12 steps (92%) done
Resources before job selection: {'_cores': 40, '_nodes': 9223372036854775807}
Ready jobs (1):
	all
Selected jobs (1):
	all
Resources after job selection: {'_cores': 39, '_nodes': 9223372036854775806}

[Tue Apr 22 22:26:51 2025]
localrule all:
    input: results/Chip1/barcode30/0/fastq_files.lst, results/Chip1/barcode30/1/fastq_files.lst, results/Chip1/barcode30/2/fastq_files.lst, results/Chip1/barcode30/3/fastq_files.lst, results/Chip1/barcode30/4/fastq_files.lst, results/Chip1/barcode30/5/fastq_files.lst, results/Chip1/barcode30/6/fastq_files.lst, results/Chip1/barcode30/7/fastq_files.lst, results/Chip1/barcode30/8/fastq_files.lst, results/Chip1/barcode30/9/fastq_files.lst, results/Chip1/barcode31/0/fastq_files.lst, results/Chip1/barcode31/1/fastq_files.lst, results/Chip1/barcode31/2/fastq_files.lst, results/Chip1/barcode31/3/fastq_files.lst, results/Chip1/barcode31/4/fastq_files.lst, results/Chip1/barcode31/5/fastq_files.lst, results/Chip1/barcode31/6/fastq_files.lst, results/Chip1/barcode31/7/fastq_files.lst, results/Chip1/barcode31/8/fastq_files.lst, results/Chip1/barcode31/9/fastq_files.lst, results/Chip1/barcode25/0/fastq_files.lst, results/Chip1/barcode25/1/fastq_files.lst, results/Chip1/barcode25/2/fastq_files.lst, results/Chip1/barcode25/3/fastq_files.lst, results/Chip1/barcode25/4/fastq_files.lst, results/Chip1/barcode25/5/fastq_files.lst, results/Chip1/barcode25/6/fastq_files.lst, results/Chip1/barcode25/7/fastq_files.lst, results/Chip1/barcode25/8/fastq_files.lst, results/Chip1/barcode25/9/fastq_files.lst, results/Chip2/barcode29/0/fastq_files.lst, results/Chip2/barcode29/1/fastq_files.lst, results/Chip2/barcode29/2/fastq_files.lst, results/Chip2/barcode29/3/fastq_files.lst, results/Chip2/barcode29/4/fastq_files.lst, results/Chip2/barcode29/5/fastq_files.lst, results/Chip2/barcode29/6/fastq_files.lst, results/Chip2/barcode29/7/fastq_files.lst, results/Chip2/barcode29/8/fastq_files.lst, results/Chip2/barcode29/9/fastq_files.lst, results/Chip2/barcode27/0/fastq_files.lst, results/Chip2/barcode27/1/fastq_files.lst, results/Chip2/barcode27/2/fastq_files.lst, results/Chip2/barcode27/3/fastq_files.lst, results/Chip2/barcode27/4/fastq_files.lst, results/Chip2/barcode27/5/fastq_files.lst, results/Chip2/barcode27/6/fastq_files.lst, results/Chip2/barcode27/7/fastq_files.lst, results/Chip2/barcode27/8/fastq_files.lst, results/Chip2/barcode27/9/fastq_files.lst, results/Chip2/barcode26/0/fastq_files.lst, results/Chip2/barcode26/1/fastq_files.lst, results/Chip2/barcode26/2/fastq_files.lst, results/Chip2/barcode26/3/fastq_files.lst, results/Chip2/barcode26/4/fastq_files.lst, results/Chip2/barcode26/5/fastq_files.lst, results/Chip2/barcode26/6/fastq_files.lst, results/Chip2/barcode26/7/fastq_files.lst, results/Chip2/barcode26/8/fastq_files.lst, results/Chip2/barcode26/9/fastq_files.lst, results/Chip2/barcode28/0/fastq_files.lst, results/Chip2/barcode28/1/fastq_files.lst, results/Chip2/barcode28/2/fastq_files.lst, results/Chip2/barcode28/3/fastq_files.lst, results/Chip2/barcode28/4/fastq_files.lst, results/Chip2/barcode28/5/fastq_files.lst, results/Chip2/barcode28/6/fastq_files.lst, results/Chip2/barcode28/7/fastq_files.lst, results/Chip2/barcode28/8/fastq_files.lst, results/Chip2/barcode28/9/fastq_files.lst, results/Chip1/barcode30/0/merged.fastq.gz, results/Chip1/barcode30/1/merged.fastq.gz, results/Chip1/barcode30/2/merged.fastq.gz, results/Chip1/barcode30/3/merged.fastq.gz, results/Chip1/barcode30/4/merged.fastq.gz, results/Chip1/barcode30/5/merged.fastq.gz, results/Chip1/barcode30/6/merged.fastq.gz, results/Chip1/barcode30/7/merged.fastq.gz, results/Chip1/barcode30/8/merged.fastq.gz, results/Chip1/barcode30/9/merged.fastq.gz, results/Chip1/barcode31/0/merged.fastq.gz, results/Chip1/barcode31/1/merged.fastq.gz, results/Chip1/barcode31/2/merged.fastq.gz, results/Chip1/barcode31/3/merged.fastq.gz, results/Chip1/barcode31/4/merged.fastq.gz, results/Chip1/barcode31/5/merged.fastq.gz, results/Chip1/barcode31/6/merged.fastq.gz, results/Chip1/barcode31/7/merged.fastq.gz, results/Chip1/barcode31/8/merged.fastq.gz, results/Chip1/barcode31/9/merged.fastq.gz, results/Chip1/barcode25/0/merged.fastq.gz, results/Chip1/barcode25/1/merged.fastq.gz, results/Chip1/barcode25/2/merged.fastq.gz, results/Chip1/barcode25/3/merged.fastq.gz, results/Chip1/barcode25/4/merged.fastq.gz, results/Chip1/barcode25/5/merged.fastq.gz, results/Chip1/barcode25/6/merged.fastq.gz, results/Chip1/barcode25/7/merged.fastq.gz, results/Chip1/barcode25/8/merged.fastq.gz, results/Chip1/barcode25/9/merged.fastq.gz, results/Chip2/barcode29/0/merged.fastq.gz, results/Chip2/barcode29/1/merged.fastq.gz, results/Chip2/barcode29/2/merged.fastq.gz, results/Chip2/barcode29/3/merged.fastq.gz, results/Chip2/barcode29/4/merged.fastq.gz, results/Chip2/barcode29/5/merged.fastq.gz, results/Chip2/barcode29/6/merged.fastq.gz, results/Chip2/barcode29/7/merged.fastq.gz, results/Chip2/barcode29/8/merged.fastq.gz, results/Chip2/barcode29/9/merged.fastq.gz, results/Chip2/barcode27/0/merged.fastq.gz, results/Chip2/barcode27/1/merged.fastq.gz, results/Chip2/barcode27/2/merged.fastq.gz, results/Chip2/barcode27/3/merged.fastq.gz, results/Chip2/barcode27/4/merged.fastq.gz, results/Chip2/barcode27/5/merged.fastq.gz, results/Chip2/barcode27/6/merged.fastq.gz, results/Chip2/barcode27/7/merged.fastq.gz, results/Chip2/barcode27/8/merged.fastq.gz, results/Chip2/barcode27/9/merged.fastq.gz, results/Chip2/barcode26/0/merged.fastq.gz, results/Chip2/barcode26/1/merged.fastq.gz, results/Chip2/barcode26/2/merged.fastq.gz, results/Chip2/barcode26/3/merged.fastq.gz, results/Chip2/barcode26/4/merged.fastq.gz, results/Chip2/barcode26/5/merged.fastq.gz, results/Chip2/barcode26/6/merged.fastq.gz, results/Chip2/barcode26/7/merged.fastq.gz, results/Chip2/barcode26/8/merged.fastq.gz, results/Chip2/barcode26/9/merged.fastq.gz, results/Chip2/barcode28/0/merged.fastq.gz, results/Chip2/barcode28/1/merged.fastq.gz, results/Chip2/barcode28/2/merged.fastq.gz, results/Chip2/barcode28/3/merged.fastq.gz, results/Chip2/barcode28/4/merged.fastq.gz, results/Chip2/barcode28/5/merged.fastq.gz, results/Chip2/barcode28/6/merged.fastq.gz, results/Chip2/barcode28/7/merged.fastq.gz, results/Chip2/barcode28/8/merged.fastq.gz, results/Chip2/barcode28/9/merged.fastq.gz, results/Chip1/barcode30/0/sequential_summary.csv, results/Chip1/barcode30/1/sequential_summary.csv, results/Chip1/barcode30/2/sequential_summary.csv, results/Chip1/barcode30/3/sequential_summary.csv, results/Chip1/barcode30/4/sequential_summary.csv, results/Chip1/barcode30/5/sequential_summary.csv, results/Chip1/barcode30/6/sequential_summary.csv, results/Chip1/barcode30/7/sequential_summary.csv, results/Chip1/barcode30/8/sequential_summary.csv, results/Chip1/barcode30/9/sequential_summary.csv, results/Chip1/barcode31/0/sequential_summary.csv, results/Chip1/barcode31/1/sequential_summary.csv, results/Chip1/barcode31/2/sequential_summary.csv, results/Chip1/barcode31/3/sequential_summary.csv, results/Chip1/barcode31/4/sequential_summary.csv, results/Chip1/barcode31/5/sequential_summary.csv, results/Chip1/barcode31/6/sequential_summary.csv, results/Chip1/barcode31/7/sequential_summary.csv, results/Chip1/barcode31/8/sequential_summary.csv, results/Chip1/barcode31/9/sequential_summary.csv, results/Chip1/barcode25/0/sequential_summary.csv, results/Chip1/barcode25/1/sequential_summary.csv, results/Chip1/barcode25/2/sequential_summary.csv, results/Chip1/barcode25/3/sequential_summary.csv, results/Chip1/barcode25/4/sequential_summary.csv, results/Chip1/barcode25/5/sequential_summary.csv, results/Chip1/barcode25/6/sequential_summary.csv, results/Chip1/barcode25/7/sequential_summary.csv, results/Chip1/barcode25/8/sequential_summary.csv, results/Chip1/barcode25/9/sequential_summary.csv, results/Chip2/barcode29/0/sequential_summary.csv, results/Chip2/barcode29/1/sequential_summary.csv, results/Chip2/barcode29/2/sequential_summary.csv, results/Chip2/barcode29/3/sequential_summary.csv, results/Chip2/barcode29/4/sequential_summary.csv, results/Chip2/barcode29/5/sequential_summary.csv, results/Chip2/barcode29/6/sequential_summary.csv, results/Chip2/barcode29/7/sequential_summary.csv, results/Chip2/barcode29/8/sequential_summary.csv, results/Chip2/barcode29/9/sequential_summary.csv, results/Chip2/barcode27/0/sequential_summary.csv, results/Chip2/barcode27/1/sequential_summary.csv, results/Chip2/barcode27/2/sequential_summary.csv, results/Chip2/barcode27/3/sequential_summary.csv, results/Chip2/barcode27/4/sequential_summary.csv, results/Chip2/barcode27/5/sequential_summary.csv, results/Chip2/barcode27/6/sequential_summary.csv, results/Chip2/barcode27/7/sequential_summary.csv, results/Chip2/barcode27/8/sequential_summary.csv, results/Chip2/barcode27/9/sequential_summary.csv, results/Chip2/barcode26/0/sequential_summary.csv, results/Chip2/barcode26/1/sequential_summary.csv, results/Chip2/barcode26/2/sequential_summary.csv, results/Chip2/barcode26/3/sequential_summary.csv, results/Chip2/barcode26/4/sequential_summary.csv, results/Chip2/barcode26/5/sequential_summary.csv, results/Chip2/barcode26/6/sequential_summary.csv, results/Chip2/barcode26/7/sequential_summary.csv, results/Chip2/barcode26/8/sequential_summary.csv, results/Chip2/barcode26/9/sequential_summary.csv, results/Chip2/barcode28/0/sequential_summary.csv, results/Chip2/barcode28/1/sequential_summary.csv, results/Chip2/barcode28/2/sequential_summary.csv, results/Chip2/barcode28/3/sequential_summary.csv, results/Chip2/barcode28/4/sequential_summary.csv, results/Chip2/barcode28/5/sequential_summary.csv, results/Chip2/barcode28/6/sequential_summary.csv, results/Chip2/barcode28/7/sequential_summary.csv, results/Chip2/barcode28/8/sequential_summary.csv, results/Chip2/barcode28/9/sequential_summary.csv, results/Chip1/barcode30/0/non_sequential_summary.csv, results/Chip1/barcode30/1/non_sequential_summary.csv, results/Chip1/barcode30/2/non_sequential_summary.csv, results/Chip1/barcode30/3/non_sequential_summary.csv, results/Chip1/barcode30/4/non_sequential_summary.csv, results/Chip1/barcode30/5/non_sequential_summary.csv, results/Chip1/barcode30/6/non_sequential_summary.csv, results/Chip1/barcode30/7/non_sequential_summary.csv, results/Chip1/barcode30/8/non_sequential_summary.csv, results/Chip1/barcode30/9/non_sequential_summary.csv, results/Chip1/barcode31/0/non_sequential_summary.csv, results/Chip1/barcode31/1/non_sequential_summary.csv, results/Chip1/barcode31/2/non_sequential_summary.csv, results/Chip1/barcode31/3/non_sequential_summary.csv, results/Chip1/barcode31/4/non_sequential_summary.csv, results/Chip1/barcode31/5/non_sequential_summary.csv, results/Chip1/barcode31/6/non_sequential_summary.csv, results/Chip1/barcode31/7/non_sequential_summary.csv, results/Chip1/barcode31/8/non_sequential_summary.csv, results/Chip1/barcode31/9/non_sequential_summary.csv, results/Chip1/barcode25/0/non_sequential_summary.csv, results/Chip1/barcode25/1/non_sequential_summary.csv, results/Chip1/barcode25/2/non_sequential_summary.csv, results/Chip1/barcode25/3/non_sequential_summary.csv, results/Chip1/barcode25/4/non_sequential_summary.csv, results/Chip1/barcode25/5/non_sequential_summary.csv, results/Chip1/barcode25/6/non_sequential_summary.csv, results/Chip1/barcode25/7/non_sequential_summary.csv, results/Chip1/barcode25/8/non_sequential_summary.csv, results/Chip1/barcode25/9/non_sequential_summary.csv, results/Chip2/barcode29/0/non_sequential_summary.csv, results/Chip2/barcode29/1/non_sequential_summary.csv, results/Chip2/barcode29/2/non_sequential_summary.csv, results/Chip2/barcode29/3/non_sequential_summary.csv, results/Chip2/barcode29/4/non_sequential_summary.csv, results/Chip2/barcode29/5/non_sequential_summary.csv, results/Chip2/barcode29/6/non_sequential_summary.csv, results/Chip2/barcode29/7/non_sequential_summary.csv, results/Chip2/barcode29/8/non_sequential_summary.csv, results/Chip2/barcode29/9/non_sequential_summary.csv, results/Chip2/barcode27/0/non_sequential_summary.csv, results/Chip2/barcode27/1/non_sequential_summary.csv, results/Chip2/barcode27/2/non_sequential_summary.csv, results/Chip2/barcode27/3/non_sequential_summary.csv, results/Chip2/barcode27/4/non_sequential_summary.csv, results/Chip2/barcode27/5/non_sequential_summary.csv, results/Chip2/barcode27/6/non_sequential_summary.csv, results/Chip2/barcode27/7/non_sequential_summary.csv, results/Chip2/barcode27/8/non_sequential_summary.csv, results/Chip2/barcode27/9/non_sequential_summary.csv, results/Chip2/barcode26/0/non_sequential_summary.csv, results/Chip2/barcode26/1/non_sequential_summary.csv, results/Chip2/barcode26/2/non_sequential_summary.csv, results/Chip2/barcode26/3/non_sequential_summary.csv, results/Chip2/barcode26/4/non_sequential_summary.csv, results/Chip2/barcode26/5/non_sequential_summary.csv, results/Chip2/barcode26/6/non_sequential_summary.csv, results/Chip2/barcode26/7/non_sequential_summary.csv, results/Chip2/barcode26/8/non_sequential_summary.csv, results/Chip2/barcode26/9/non_sequential_summary.csv, results/Chip2/barcode28/0/non_sequential_summary.csv, results/Chip2/barcode28/1/non_sequential_summary.csv, results/Chip2/barcode28/2/non_sequential_summary.csv, results/Chip2/barcode28/3/non_sequential_summary.csv, results/Chip2/barcode28/4/non_sequential_summary.csv, results/Chip2/barcode28/5/non_sequential_summary.csv, results/Chip2/barcode28/6/non_sequential_summary.csv, results/Chip2/barcode28/7/non_sequential_summary.csv, results/Chip2/barcode28/8/non_sequential_summary.csv, results/Chip2/barcode28/9/non_sequential_summary.csv, AGGRE/Chip1/barcode30/non_sequential_summary.csv, AGGRE/Chip1/barcode30/non_sequential_summary.csv, AGGRE/Chip1/barcode30/non_sequential_summary.csv, AGGRE/Chip1/barcode30/non_sequential_summary.csv, AGGRE/Chip1/barcode30/non_sequential_summary.csv, AGGRE/Chip1/barcode30/non_sequential_summary.csv, AGGRE/Chip1/barcode30/non_sequential_summary.csv, AGGRE/Chip1/barcode30/non_sequential_summary.csv, AGGRE/Chip1/barcode30/non_sequential_summary.csv, AGGRE/Chip1/barcode30/non_sequential_summary.csv, AGGRE/Chip1/barcode31/non_sequential_summary.csv, AGGRE/Chip1/barcode31/non_sequential_summary.csv, AGGRE/Chip1/barcode31/non_sequential_summary.csv, AGGRE/Chip1/barcode31/non_sequential_summary.csv, AGGRE/Chip1/barcode31/non_sequential_summary.csv, AGGRE/Chip1/barcode31/non_sequential_summary.csv, AGGRE/Chip1/barcode31/non_sequential_summary.csv, AGGRE/Chip1/barcode31/non_sequential_summary.csv, AGGRE/Chip1/barcode31/non_sequential_summary.csv, AGGRE/Chip1/barcode31/non_sequential_summary.csv, AGGRE/Chip1/barcode25/non_sequential_summary.csv, AGGRE/Chip1/barcode25/non_sequential_summary.csv, AGGRE/Chip1/barcode25/non_sequential_summary.csv, AGGRE/Chip1/barcode25/non_sequential_summary.csv, AGGRE/Chip1/barcode25/non_sequential_summary.csv, AGGRE/Chip1/barcode25/non_sequential_summary.csv, AGGRE/Chip1/barcode25/non_sequential_summary.csv, AGGRE/Chip1/barcode25/non_sequential_summary.csv, AGGRE/Chip1/barcode25/non_sequential_summary.csv, AGGRE/Chip1/barcode25/non_sequential_summary.csv, AGGRE/Chip2/barcode29/non_sequential_summary.csv, AGGRE/Chip2/barcode29/non_sequential_summary.csv, AGGRE/Chip2/barcode29/non_sequential_summary.csv, AGGRE/Chip2/barcode29/non_sequential_summary.csv, AGGRE/Chip2/barcode29/non_sequential_summary.csv, AGGRE/Chip2/barcode29/non_sequential_summary.csv, AGGRE/Chip2/barcode29/non_sequential_summary.csv, AGGRE/Chip2/barcode29/non_sequential_summary.csv, AGGRE/Chip2/barcode29/non_sequential_summary.csv, AGGRE/Chip2/barcode29/non_sequential_summary.csv, AGGRE/Chip2/barcode27/non_sequential_summary.csv, AGGRE/Chip2/barcode27/non_sequential_summary.csv, AGGRE/Chip2/barcode27/non_sequential_summary.csv, AGGRE/Chip2/barcode27/non_sequential_summary.csv, AGGRE/Chip2/barcode27/non_sequential_summary.csv, AGGRE/Chip2/barcode27/non_sequential_summary.csv, AGGRE/Chip2/barcode27/non_sequential_summary.csv, AGGRE/Chip2/barcode27/non_sequential_summary.csv, AGGRE/Chip2/barcode27/non_sequential_summary.csv, AGGRE/Chip2/barcode27/non_sequential_summary.csv, AGGRE/Chip2/barcode26/non_sequential_summary.csv, AGGRE/Chip2/barcode26/non_sequential_summary.csv, AGGRE/Chip2/barcode26/non_sequential_summary.csv, AGGRE/Chip2/barcode26/non_sequential_summary.csv, AGGRE/Chip2/barcode26/non_sequential_summary.csv, AGGRE/Chip2/barcode26/non_sequential_summary.csv, AGGRE/Chip2/barcode26/non_sequential_summary.csv, AGGRE/Chip2/barcode26/non_sequential_summary.csv, AGGRE/Chip2/barcode26/non_sequential_summary.csv, AGGRE/Chip2/barcode26/non_sequential_summary.csv, AGGRE/Chip2/barcode28/non_sequential_summary.csv, AGGRE/Chip2/barcode28/non_sequential_summary.csv, AGGRE/Chip2/barcode28/non_sequential_summary.csv, AGGRE/Chip2/barcode28/non_sequential_summary.csv, AGGRE/Chip2/barcode28/non_sequential_summary.csv, AGGRE/Chip2/barcode28/non_sequential_summary.csv, AGGRE/Chip2/barcode28/non_sequential_summary.csv, AGGRE/Chip2/barcode28/non_sequential_summary.csv, AGGRE/Chip2/barcode28/non_sequential_summary.csv, AGGRE/Chip2/barcode28/non_sequential_summary.csv, AGGRE/Chip1/barcode30/sequential_summary.csv, AGGRE/Chip1/barcode30/sequential_summary.csv, AGGRE/Chip1/barcode30/sequential_summary.csv, AGGRE/Chip1/barcode30/sequential_summary.csv, AGGRE/Chip1/barcode30/sequential_summary.csv, AGGRE/Chip1/barcode30/sequential_summary.csv, AGGRE/Chip1/barcode30/sequential_summary.csv, AGGRE/Chip1/barcode30/sequential_summary.csv, AGGRE/Chip1/barcode30/sequential_summary.csv, AGGRE/Chip1/barcode30/sequential_summary.csv, AGGRE/Chip1/barcode31/sequential_summary.csv, AGGRE/Chip1/barcode31/sequential_summary.csv, AGGRE/Chip1/barcode31/sequential_summary.csv, AGGRE/Chip1/barcode31/sequential_summary.csv, AGGRE/Chip1/barcode31/sequential_summary.csv, AGGRE/Chip1/barcode31/sequential_summary.csv, AGGRE/Chip1/barcode31/sequential_summary.csv, AGGRE/Chip1/barcode31/sequential_summary.csv, AGGRE/Chip1/barcode31/sequential_summary.csv, AGGRE/Chip1/barcode31/sequential_summary.csv, AGGRE/Chip1/barcode25/sequential_summary.csv, AGGRE/Chip1/barcode25/sequential_summary.csv, AGGRE/Chip1/barcode25/sequential_summary.csv, AGGRE/Chip1/barcode25/sequential_summary.csv, AGGRE/Chip1/barcode25/sequential_summary.csv, AGGRE/Chip1/barcode25/sequential_summary.csv, AGGRE/Chip1/barcode25/sequential_summary.csv, AGGRE/Chip1/barcode25/sequential_summary.csv, AGGRE/Chip1/barcode25/sequential_summary.csv, AGGRE/Chip1/barcode25/sequential_summary.csv, AGGRE/Chip2/barcode29/sequential_summary.csv, AGGRE/Chip2/barcode29/sequential_summary.csv, AGGRE/Chip2/barcode29/sequential_summary.csv, AGGRE/Chip2/barcode29/sequential_summary.csv, AGGRE/Chip2/barcode29/sequential_summary.csv, AGGRE/Chip2/barcode29/sequential_summary.csv, AGGRE/Chip2/barcode29/sequential_summary.csv, AGGRE/Chip2/barcode29/sequential_summary.csv, AGGRE/Chip2/barcode29/sequential_summary.csv, AGGRE/Chip2/barcode29/sequential_summary.csv, AGGRE/Chip2/barcode27/sequential_summary.csv, AGGRE/Chip2/barcode27/sequential_summary.csv, AGGRE/Chip2/barcode27/sequential_summary.csv, AGGRE/Chip2/barcode27/sequential_summary.csv, AGGRE/Chip2/barcode27/sequential_summary.csv, AGGRE/Chip2/barcode27/sequential_summary.csv, AGGRE/Chip2/barcode27/sequential_summary.csv, AGGRE/Chip2/barcode27/sequential_summary.csv, AGGRE/Chip2/barcode27/sequential_summary.csv, AGGRE/Chip2/barcode27/sequential_summary.csv, AGGRE/Chip2/barcode26/sequential_summary.csv, AGGRE/Chip2/barcode26/sequential_summary.csv, AGGRE/Chip2/barcode26/sequential_summary.csv, AGGRE/Chip2/barcode26/sequential_summary.csv, AGGRE/Chip2/barcode26/sequential_summary.csv, AGGRE/Chip2/barcode26/sequential_summary.csv, AGGRE/Chip2/barcode26/sequential_summary.csv, AGGRE/Chip2/barcode26/sequential_summary.csv, AGGRE/Chip2/barcode26/sequential_summary.csv, AGGRE/Chip2/barcode26/sequential_summary.csv, AGGRE/Chip2/barcode28/sequential_summary.csv, AGGRE/Chip2/barcode28/sequential_summary.csv, AGGRE/Chip2/barcode28/sequential_summary.csv, AGGRE/Chip2/barcode28/sequential_summary.csv, AGGRE/Chip2/barcode28/sequential_summary.csv, AGGRE/Chip2/barcode28/sequential_summary.csv, AGGRE/Chip2/barcode28/sequential_summary.csv, AGGRE/Chip2/barcode28/sequential_summary.csv, AGGRE/Chip2/barcode28/sequential_summary.csv, AGGRE/Chip2/barcode28/sequential_summary.csv, AGGRE/Chip1/barcode30/aligned.fastq.gz, AGGRE/Chip1/barcode30/aligned.fastq.gz, AGGRE/Chip1/barcode30/aligned.fastq.gz, AGGRE/Chip1/barcode30/aligned.fastq.gz, AGGRE/Chip1/barcode30/aligned.fastq.gz, AGGRE/Chip1/barcode30/aligned.fastq.gz, AGGRE/Chip1/barcode30/aligned.fastq.gz, AGGRE/Chip1/barcode30/aligned.fastq.gz, AGGRE/Chip1/barcode30/aligned.fastq.gz, AGGRE/Chip1/barcode30/aligned.fastq.gz, AGGRE/Chip1/barcode31/aligned.fastq.gz, AGGRE/Chip1/barcode31/aligned.fastq.gz, AGGRE/Chip1/barcode31/aligned.fastq.gz, AGGRE/Chip1/barcode31/aligned.fastq.gz, AGGRE/Chip1/barcode31/aligned.fastq.gz, AGGRE/Chip1/barcode31/aligned.fastq.gz, AGGRE/Chip1/barcode31/aligned.fastq.gz, AGGRE/Chip1/barcode31/aligned.fastq.gz, AGGRE/Chip1/barcode31/aligned.fastq.gz, AGGRE/Chip1/barcode31/aligned.fastq.gz, AGGRE/Chip1/barcode25/aligned.fastq.gz, AGGRE/Chip1/barcode25/aligned.fastq.gz, AGGRE/Chip1/barcode25/aligned.fastq.gz, AGGRE/Chip1/barcode25/aligned.fastq.gz, AGGRE/Chip1/barcode25/aligned.fastq.gz, AGGRE/Chip1/barcode25/aligned.fastq.gz, AGGRE/Chip1/barcode25/aligned.fastq.gz, AGGRE/Chip1/barcode25/aligned.fastq.gz, AGGRE/Chip1/barcode25/aligned.fastq.gz, AGGRE/Chip1/barcode25/aligned.fastq.gz, AGGRE/Chip2/barcode29/aligned.fastq.gz, AGGRE/Chip2/barcode29/aligned.fastq.gz, AGGRE/Chip2/barcode29/aligned.fastq.gz, AGGRE/Chip2/barcode29/aligned.fastq.gz, AGGRE/Chip2/barcode29/aligned.fastq.gz, AGGRE/Chip2/barcode29/aligned.fastq.gz, AGGRE/Chip2/barcode29/aligned.fastq.gz, AGGRE/Chip2/barcode29/aligned.fastq.gz, AGGRE/Chip2/barcode29/aligned.fastq.gz, AGGRE/Chip2/barcode29/aligned.fastq.gz, AGGRE/Chip2/barcode27/aligned.fastq.gz, AGGRE/Chip2/barcode27/aligned.fastq.gz, AGGRE/Chip2/barcode27/aligned.fastq.gz, AGGRE/Chip2/barcode27/aligned.fastq.gz, AGGRE/Chip2/barcode27/aligned.fastq.gz, AGGRE/Chip2/barcode27/aligned.fastq.gz, AGGRE/Chip2/barcode27/aligned.fastq.gz, AGGRE/Chip2/barcode27/aligned.fastq.gz, AGGRE/Chip2/barcode27/aligned.fastq.gz, AGGRE/Chip2/barcode27/aligned.fastq.gz, AGGRE/Chip2/barcode26/aligned.fastq.gz, AGGRE/Chip2/barcode26/aligned.fastq.gz, AGGRE/Chip2/barcode26/aligned.fastq.gz, AGGRE/Chip2/barcode26/aligned.fastq.gz, AGGRE/Chip2/barcode26/aligned.fastq.gz, AGGRE/Chip2/barcode26/aligned.fastq.gz, AGGRE/Chip2/barcode26/aligned.fastq.gz, AGGRE/Chip2/barcode26/aligned.fastq.gz, AGGRE/Chip2/barcode26/aligned.fastq.gz, AGGRE/Chip2/barcode26/aligned.fastq.gz, AGGRE/Chip2/barcode28/aligned.fastq.gz, AGGRE/Chip2/barcode28/aligned.fastq.gz, AGGRE/Chip2/barcode28/aligned.fastq.gz, AGGRE/Chip2/barcode28/aligned.fastq.gz, AGGRE/Chip2/barcode28/aligned.fastq.gz, AGGRE/Chip2/barcode28/aligned.fastq.gz, AGGRE/Chip2/barcode28/aligned.fastq.gz, AGGRE/Chip2/barcode28/aligned.fastq.gz, AGGRE/Chip2/barcode28/aligned.fastq.gz, AGGRE/Chip2/barcode28/aligned.fastq.gz, AGGRE/Chip1/barcode30/inserts.out, AGGRE/Chip1/barcode30/inserts.out, AGGRE/Chip1/barcode30/inserts.out, AGGRE/Chip1/barcode30/inserts.out, AGGRE/Chip1/barcode30/inserts.out, AGGRE/Chip1/barcode30/inserts.out, AGGRE/Chip1/barcode30/inserts.out, AGGRE/Chip1/barcode30/inserts.out, AGGRE/Chip1/barcode30/inserts.out, AGGRE/Chip1/barcode30/inserts.out, AGGRE/Chip1/barcode31/inserts.out, AGGRE/Chip1/barcode31/inserts.out, AGGRE/Chip1/barcode31/inserts.out, AGGRE/Chip1/barcode31/inserts.out, AGGRE/Chip1/barcode31/inserts.out, AGGRE/Chip1/barcode31/inserts.out, AGGRE/Chip1/barcode31/inserts.out, AGGRE/Chip1/barcode31/inserts.out, AGGRE/Chip1/barcode31/inserts.out, AGGRE/Chip1/barcode31/inserts.out, AGGRE/Chip1/barcode25/inserts.out, AGGRE/Chip1/barcode25/inserts.out, AGGRE/Chip1/barcode25/inserts.out, AGGRE/Chip1/barcode25/inserts.out, AGGRE/Chip1/barcode25/inserts.out, AGGRE/Chip1/barcode25/inserts.out, AGGRE/Chip1/barcode25/inserts.out, AGGRE/Chip1/barcode25/inserts.out, AGGRE/Chip1/barcode25/inserts.out, AGGRE/Chip1/barcode25/inserts.out, AGGRE/Chip2/barcode29/inserts.out, AGGRE/Chip2/barcode29/inserts.out, AGGRE/Chip2/barcode29/inserts.out, AGGRE/Chip2/barcode29/inserts.out, AGGRE/Chip2/barcode29/inserts.out, AGGRE/Chip2/barcode29/inserts.out, AGGRE/Chip2/barcode29/inserts.out, AGGRE/Chip2/barcode29/inserts.out, AGGRE/Chip2/barcode29/inserts.out, AGGRE/Chip2/barcode29/inserts.out, AGGRE/Chip2/barcode27/inserts.out, AGGRE/Chip2/barcode27/inserts.out, AGGRE/Chip2/barcode27/inserts.out, AGGRE/Chip2/barcode27/inserts.out, AGGRE/Chip2/barcode27/inserts.out, AGGRE/Chip2/barcode27/inserts.out, AGGRE/Chip2/barcode27/inserts.out, AGGRE/Chip2/barcode27/inserts.out, AGGRE/Chip2/barcode27/inserts.out, AGGRE/Chip2/barcode27/inserts.out, AGGRE/Chip2/barcode26/inserts.out, AGGRE/Chip2/barcode26/inserts.out, AGGRE/Chip2/barcode26/inserts.out, AGGRE/Chip2/barcode26/inserts.out, AGGRE/Chip2/barcode26/inserts.out, AGGRE/Chip2/barcode26/inserts.out, AGGRE/Chip2/barcode26/inserts.out, AGGRE/Chip2/barcode26/inserts.out, AGGRE/Chip2/barcode26/inserts.out, AGGRE/Chip2/barcode26/inserts.out, AGGRE/Chip2/barcode28/inserts.out, AGGRE/Chip2/barcode28/inserts.out, AGGRE/Chip2/barcode28/inserts.out, AGGRE/Chip2/barcode28/inserts.out, AGGRE/Chip2/barcode28/inserts.out, AGGRE/Chip2/barcode28/inserts.out, AGGRE/Chip2/barcode28/inserts.out, AGGRE/Chip2/barcode28/inserts.out, AGGRE/Chip2/barcode28/inserts.out, AGGRE/Chip2/barcode28/inserts.out
    jobid: 0

[Tue Apr 22 22:26:51 2025]
Finished job 0.
12 of 12 steps (100%) done
Complete log: /data/Analysis/working/.snakemake/log/2025-04-22T222619.256394.snakemake.log
unlocking
removing lock
removing lock
removed all locks
