Building DAG of jobs...
Full Traceback (most recent call last):
  File "/usr/lib/python3/dist-packages/snakemake/__init__.py", line 561, in snakemake
    success = workflow.execute(
  File "/usr/lib/python3/dist-packages/snakemake/workflow.py", line 565, in execute
    dag.init()
  File "/usr/lib/python3/dist-packages/snakemake/dag.py", line 168, in init
    job = self.update([job], progress=progress)
  File "/usr/lib/python3/dist-packages/snakemake/dag.py", line 689, in update
    self.update_(
  File "/usr/lib/python3/dist-packages/snakemake/dag.py", line 747, in update_
    potential_dependencies = self.collect_potential_dependencies(job)
  File "/usr/lib/python3/dist-packages/snakemake/dag.py", line 1364, in collect_potential_dependencies
    jobs = file2jobs(file)
  File "/usr/lib/python3/dist-packages/snakemake/dag.py", line 1452, in file2jobs
    jobs.append(self.new_job(rule, targetfile=targetfile))
  File "/usr/lib/python3/dist-packages/snakemake/dag.py", line 1205, in new_job
    job = Job(
  File "/usr/lib/python3/dist-packages/snakemake/jobs.py", line 130, in __init__
    self.input, input_mapping, self.dependencies = self.rule.expand_input(
  File "/usr/lib/python3/dist-packages/snakemake/rules.py", line 762, in expand_input
    self._apply_wildcards(
  File "/usr/lib/python3/dist-packages/snakemake/rules.py", line 723, in _apply_wildcards
    raise WorkflowError(
snakemake.exceptions.WorkflowError: Function did not return str or list of str.

WorkflowError in line 170 of /data/Analysis/2025-04-15_HT27-2025-04-11_Run1/snakefile:
Function did not return str or list of str.
unlocking
removed all locks
